#
# There is insufficient memory for the Java Runtime Environment to continue.
# Native memory allocation (mmap) failed to map 209715200 bytes for G1 virtual space
# Possible reasons:
#   The system is out of physical RAM or swap space
#   The process is running with CompressedOops enabled, and the Java Heap may be blocking the growth of the native heap
# Possible solutions:
#   Reduce memory load on the system
#   Increase physical memory or swap space
#   Check if swap backing store is full
#   Decrease Java heap size (-Xmx/-Xms)
#   Decrease number of Java threads
#   Decrease Java thread stack sizes (-Xss)
#   Set larger code cache with -XX:ReservedCodeCacheSize=
#   JVM is running with Zero Based Compressed Oops mode in which the Java heap is
#     placed in the first 32GB address space. The Java Heap base address is the
#     maximum limit for the native heap growth. Please use -XX:HeapBaseMinAddress
#     to set the Java Heap base and to place the Java Heap above 32GB virtual address.
# This output file may be truncated or incomplete.
#
#  Out of Memory Error (os_windows.cpp:3825), pid=2024, tid=8580
#
# JRE version: OpenJDK Runtime Environment (17.0.10) (build 17.0.10+0--11572160)
# Java VM: OpenJDK 64-Bit Server VM (17.0.10+0--11572160, mixed mode, tiered, compressed oops, compressed class ptrs, g1 gc, windows-amd64)
# No core dump will be written. Minidumps are not enabled by default on client versions of Windows
#

---------------  S U M M A R Y ------------

Command Line: org.jetbrains.kotlin.cli.jvm.K2JVMCompiler @D:\Android_studio\SaiErp\app\build\20250604_4415261697052044969.compiler.options

Host: 12th Gen Intel(R) Core(TM) i3-1215U, 8 cores, 15G,  Windows 11 , 64 bit Build 26100 (10.0.26100.3912)
Time: Wed Jun  4 10:57:38 2025 India Standard Time elapsed time: 22.048155 seconds (0d 0h 0m 22s)

---------------  T H R E A D  ---------------

Current thread (0x0000024636054700):  VMThread "VM Thread" [stack: 0x000000d72c100000,0x000000d72c200000] [id=8580]

Stack: [0x000000d72c100000,0x000000d72c200000]
Native frames: (J=compiled Java code, j=interpreted, Vv=VM code, C=native code)
V  [jvm.dll+0x688e89]
V  [jvm.dll+0x84247a]
V  [jvm.dll+0x8440be]
V  [jvm.dll+0x844723]
V  [jvm.dll+0x24be0f]
V  [jvm.dll+0x685c59]
V  [jvm.dll+0x67a50a]
V  [jvm.dll+0x30cbab]
V  [jvm.dll+0x314056]
V  [jvm.dll+0x363dce]
V  [jvm.dll+0x363fff]
V  [jvm.dll+0x2e2978]
V  [jvm.dll+0x2e0b54]
V  [jvm.dll+0x2e015c]
V  [jvm.dll+0x32502b]
V  [jvm.dll+0x848e1b]
V  [jvm.dll+0x849b61]
V  [jvm.dll+0x84a07d]
V  [jvm.dll+0x84a454]
V  [jvm.dll+0x84a520]
V  [jvm.dll+0x7f0d1a]
V  [jvm.dll+0x687d05]
C  [ucrtbase.dll+0x37b0]
C  [KERNEL32.DLL+0x2e8d7]
C  [ntdll.dll+0x9c5dc]

VM_Operation (0x000000d72bbf70d0): G1CollectForAllocation, mode: safepoint, requested by thread 0x0000024612b57230


---------------  P R O C E S S  ---------------

Threads class SMR info:
_java_thread_list=0x0000024638991ff0, length=14, elements={
0x0000024612b57230, 0x0000024636078250, 0x0000024636078e10, 0x00000246360b59a0,
0x0000024636091d40, 0x00000246360ae440, 0x00000246360af880, 0x00000246360b0ff0,
0x00000246360c51e0, 0x00000246360d2330, 0x0000024636230050, 0x000002463623a550,
0x000002463860fb10, 0x0000024638728890
}

Java Threads: ( => current thread )
  0x0000024612b57230 JavaThread "main" [_thread_blocked, id=13164, stack(0x000000d72bb00000,0x000000d72bc00000)]
  0x0000024636078250 JavaThread "Reference Handler" daemon [_thread_blocked, id=12892, stack(0x000000d72c200000,0x000000d72c300000)]
  0x0000024636078e10 JavaThread "Finalizer" daemon [_thread_blocked, id=15532, stack(0x000000d72c300000,0x000000d72c400000)]
  0x00000246360b59a0 JavaThread "Signal Dispatcher" daemon [_thread_blocked, id=16496, stack(0x000000d72c400000,0x000000d72c500000)]
  0x0000024636091d40 JavaThread "Attach Listener" daemon [_thread_blocked, id=13996, stack(0x000000d72c500000,0x000000d72c600000)]
  0x00000246360ae440 JavaThread "Service Thread" daemon [_thread_blocked, id=24292, stack(0x000000d72c600000,0x000000d72c700000)]
  0x00000246360af880 JavaThread "Monitor Deflation Thread" daemon [_thread_blocked, id=10104, stack(0x000000d72c700000,0x000000d72c800000)]
  0x00000246360b0ff0 JavaThread "C2 CompilerThread0" daemon [_thread_blocked, id=16420, stack(0x000000d72c800000,0x000000d72c900000)]
  0x00000246360c51e0 JavaThread "C1 CompilerThread0" daemon [_thread_blocked, id=13148, stack(0x000000d72c900000,0x000000d72ca00000)]
  0x00000246360d2330 JavaThread "Sweeper thread" daemon [_thread_blocked, id=6272, stack(0x000000d72ca00000,0x000000d72cb00000)]
  0x0000024636230050 JavaThread "Notification Thread" daemon [_thread_blocked, id=11568, stack(0x000000d72cb00000,0x000000d72cc00000)]
  0x000002463623a550 JavaThread "Common-Cleaner" daemon [_thread_blocked, id=22928, stack(0x000000d72cd00000,0x000000d72ce00000)]
  0x000002463860fb10 JavaThread "C2 CompilerThread1" daemon [_thread_blocked, id=12256, stack(0x000000d72ce00000,0x000000d72cf00000)]
  0x0000024638728890 JavaThread "C2 CompilerThread2" daemon [_thread_blocked, id=23012, stack(0x000000d72d700000,0x000000d72d800000)]

Other Threads:
=>0x0000024636054700 VMThread "VM Thread" [stack: 0x000000d72c100000,0x000000d72c200000] [id=8580]
  0x00000246361054c0 WatcherThread [stack: 0x000000d72cc00000,0x000000d72cd00000] [id=1792]
  0x0000024612bc4410 GCTaskThread "GC Thread#0" [stack: 0x000000d72bc00000,0x000000d72bd00000] [id=22408]
  0x00000246367138e0 GCTaskThread "GC Thread#1" [stack: 0x000000d72cf00000,0x000000d72d000000] [id=5600]
  0x00000246366de630 GCTaskThread "GC Thread#2" [stack: 0x000000d72d000000,0x000000d72d100000] [id=19844]
  0x00000246366de8f0 GCTaskThread "GC Thread#3" [stack: 0x000000d72d100000,0x000000d72d200000] [id=4896]
  0x000002463676ba40 GCTaskThread "GC Thread#4" [stack: 0x000000d72d200000,0x000000d72d300000] [id=1048]
  0x000002463676bd00 GCTaskThread "GC Thread#5" [stack: 0x000000d72d300000,0x000000d72d400000] [id=16400]
  0x0000024636f3ca90 GCTaskThread "GC Thread#6" [stack: 0x000000d72d400000,0x000000d72d500000] [id=13268]
  0x0000024636f5b040 GCTaskThread "GC Thread#7" [stack: 0x000000d72d500000,0x000000d72d600000] [id=3392]
  0x0000024612bd4eb0 ConcurrentGCThread "G1 Main Marker" [stack: 0x000000d72bd00000,0x000000d72be00000] [id=20464]
  0x0000024612bd65a0 ConcurrentGCThread "G1 Conc#0" [stack: 0x000000d72be00000,0x000000d72bf00000] [id=24060]
  0x00000246370aa020 ConcurrentGCThread "G1 Conc#1" [stack: 0x000000d72d600000,0x000000d72d700000] [id=6468]
  0x0000024612c0e920 ConcurrentGCThread "G1 Refine#0" [stack: 0x000000d72bf00000,0x000000d72c000000] [id=19568]
  0x00000246369cd050 ConcurrentGCThread "G1 Refine#1" [stack: 0x000000d72d800000,0x000000d72d900000] [id=19612]
  0x00000246369cc780 ConcurrentGCThread "G1 Refine#2" [stack: 0x000000d72d900000,0x000000d72da00000] [id=8408]
  0x00000246319d5590 ConcurrentGCThread "G1 Service" [stack: 0x000000d72c000000,0x000000d72c100000] [id=8896]

Threads with active compile tasks:
C2 CompilerThread0    22064 13824       4       org.jetbrains.kotlin.types.TypeWithEnhancementKt::enhanceTypeArguments (179 bytes)
C1 CompilerThread0    22064 13956       3       org.jetbrains.kotlin.resolve.FunctionDescriptorUtil::lambda$getFunctionInnerScope$0 (141 bytes)
C2 CompilerThread1    22064 13938       4       org.jetbrains.kotlin.resolve.calls.tower.TowerResolver$Task::createNonLocalLevels$addLevelForLexicalScope (92 bytes)
C2 CompilerThread2    22064 13907       4       org.jetbrains.kotlin.types.TypeWithEnhancementKt::getEnhancementDeeplyInternal (107 bytes)

VM state: at safepoint (normal execution)

VM Mutex/Monitor currently owned by a thread:  ([mutex/lock_event])
[0x0000024612b41460] Threads_lock - owner thread: 0x0000024636054700
[0x0000024612b53580] Heap_lock - owner thread: 0x0000024612b57230

Heap address: 0x0000000704a00000, size: 4022 MB, Compressed Oops mode: Zero based, Oop shift amount: 3

CDS archive(s) not mapped
Compressed class space mapped at: 0x0000000800000000-0x0000000840000000, reserved size: 1073741824
Narrow klass base: 0x0000000800000000, Narrow klass shift: 0, Narrow klass range: 0x40000000

GC Precious Log:
 CPUs: 8 total, 8 available
 Memory: 16083M
 Large Page Support: Disabled
 NUMA Support: Disabled
 Compressed Oops: Enabled (Zero based)
 Heap Region Size: 2M
 Heap Min Capacity: 8M
 Heap Initial Capacity: 252M
 Heap Max Capacity: 4022M
 Pre-touch: Disabled
 Parallel Workers: 8
 Concurrent Workers: 2
 Concurrent Refinement Workers: 8
 Periodic GC: Disabled

Heap:
 garbage-first heap   total 258048K, used 125077K [0x0000000704a00000, 0x0000000800000000)
  region size 2048K, 2 young (4096K), 2 survivors (4096K)
 Metaspace       used 65821K, committed 66112K, reserved 1114112K
  class space    used 7306K, committed 7424K, reserved 1048576K

Heap Regions: E=young(eden), S=young(survivor), O=old, HS=humongous(starts), HC=humongous(continues), CS=collection set, F=free, OA=open archive, CA=closed archive, TAMS=top-at-mark-start (previous, next)
|   0|0x0000000704a00000, 0x0000000704c00000, 0x0000000704c00000|100%|HS|  |TAMS 0x0000000704c00000, 0x0000000704c00000| Complete 
|   1|0x0000000704c00000, 0x0000000704e00000, 0x0000000704e00000|100%|HC|  |TAMS 0x0000000704e00000, 0x0000000704e00000| Complete 
|   2|0x0000000704e00000, 0x0000000705000000, 0x0000000705000000|100%|HS|  |TAMS 0x0000000705000000, 0x0000000705000000| Complete 
|   3|0x0000000705000000, 0x0000000705200000, 0x0000000705200000|100%| O|  |TAMS 0x0000000705200000, 0x0000000705200000| Untracked 
|   4|0x0000000705200000, 0x0000000705400000, 0x0000000705400000|100%| O|  |TAMS 0x0000000705400000, 0x0000000705400000| Untracked 
|   5|0x0000000705400000, 0x0000000705600000, 0x0000000705600000|100%| O|  |TAMS 0x0000000705600000, 0x0000000705600000| Untracked 
|   6|0x0000000705600000, 0x0000000705800000, 0x0000000705800000|100%| O|  |TAMS 0x0000000705800000, 0x0000000705800000| Untracked 
|   7|0x0000000705800000, 0x0000000705a00000, 0x0000000705a00000|100%| O|  |TAMS 0x0000000705a00000, 0x0000000705a00000| Untracked 
|   8|0x0000000705a00000, 0x0000000705c00000, 0x0000000705c00000|100%| O|  |TAMS 0x0000000705c00000, 0x0000000705c00000| Untracked 
|   9|0x0000000705c00000, 0x0000000705c00000, 0x0000000705e00000|  0%| F|  |TAMS 0x0000000705c00000, 0x0000000705c00000| Untracked 
|  10|0x0000000705e00000, 0x0000000706000000, 0x0000000706000000|100%| O|  |TAMS 0x0000000706000000, 0x0000000706000000| Untracked 
|  11|0x0000000706000000, 0x0000000706200000, 0x0000000706200000|100%| O|  |TAMS 0x0000000706200000, 0x0000000706200000| Untracked 
|  12|0x0000000706200000, 0x0000000706400000, 0x0000000706400000|100%| O|  |TAMS 0x0000000706400000, 0x0000000706400000| Untracked 
|  13|0x0000000706400000, 0x0000000706600000, 0x0000000706600000|100%| O|  |TAMS 0x0000000706600000, 0x0000000706600000| Untracked 
|  14|0x0000000706600000, 0x0000000706800000, 0x0000000706800000|100%| O|  |TAMS 0x0000000706800000, 0x0000000706800000| Untracked 
|  15|0x0000000706800000, 0x0000000706a00000, 0x0000000706a00000|100%| O|  |TAMS 0x0000000706a00000, 0x0000000706a00000| Untracked 
|  16|0x0000000706a00000, 0x0000000706c00000, 0x0000000706c00000|100%| O|  |TAMS 0x0000000706c00000, 0x0000000706c00000| Untracked 
|  17|0x0000000706c00000, 0x0000000706e00000, 0x0000000706e00000|100%| O|  |TAMS 0x0000000706e00000, 0x0000000706e00000| Untracked 
|  18|0x0000000706e00000, 0x0000000707000000, 0x0000000707000000|100%| O|  |TAMS 0x0000000707000000, 0x0000000707000000| Untracked 
|  19|0x0000000707000000, 0x0000000707200000, 0x0000000707200000|100%| O|  |TAMS 0x0000000707200000, 0x0000000707200000| Untracked 
|  20|0x0000000707200000, 0x0000000707400000, 0x0000000707400000|100%| O|  |TAMS 0x0000000707400000, 0x0000000707400000| Untracked 
|  21|0x0000000707400000, 0x0000000707600000, 0x0000000707600000|100%| O|  |TAMS 0x0000000707600000, 0x0000000707600000| Untracked 
|  22|0x0000000707600000, 0x0000000707800000, 0x0000000707800000|100%| O|  |TAMS 0x0000000707800000, 0x0000000707800000| Untracked 
|  23|0x0000000707800000, 0x0000000707a00000, 0x0000000707a00000|100%| O|  |TAMS 0x0000000707a00000, 0x0000000707a00000| Untracked 
|  24|0x0000000707a00000, 0x0000000707c00000, 0x0000000707c00000|100%| O|  |TAMS 0x0000000707c00000, 0x0000000707c00000| Untracked 
|  25|0x0000000707c00000, 0x0000000707e00000, 0x0000000707e00000|100%| O|  |TAMS 0x0000000707e00000, 0x0000000707e00000| Untracked 
|  26|0x0000000707e00000, 0x0000000708000000, 0x0000000708000000|100%| O|  |TAMS 0x0000000708000000, 0x0000000708000000| Untracked 
|  27|0x0000000708000000, 0x0000000708200000, 0x0000000708200000|100%| O|  |TAMS 0x0000000708200000, 0x0000000708200000| Untracked 
|  28|0x0000000708200000, 0x0000000708400000, 0x0000000708400000|100%|HS|  |TAMS 0x0000000708400000, 0x0000000708400000| Complete 
|  29|0x0000000708400000, 0x0000000708600000, 0x0000000708600000|100%| O|  |TAMS 0x0000000708600000, 0x0000000708600000| Untracked 
|  30|0x0000000708600000, 0x0000000708800000, 0x0000000708800000|100%| O|  |TAMS 0x0000000708800000, 0x0000000708800000| Untracked 
|  31|0x0000000708800000, 0x0000000708a00000, 0x0000000708a00000|100%| O|  |TAMS 0x0000000708a00000, 0x0000000708a00000| Untracked 
|  32|0x0000000708a00000, 0x0000000708c00000, 0x0000000708c00000|100%| O|  |TAMS 0x0000000708c00000, 0x0000000708c00000| Untracked 
|  33|0x0000000708c00000, 0x0000000708e00000, 0x0000000708e00000|100%| O|  |TAMS 0x0000000708e00000, 0x0000000708e00000| Untracked 
|  34|0x0000000708e00000, 0x0000000709000000, 0x0000000709000000|100%| O|  |TAMS 0x0000000709000000, 0x0000000709000000| Untracked 
|  35|0x0000000709000000, 0x0000000709200000, 0x0000000709200000|100%| O|  |TAMS 0x0000000709200000, 0x0000000709200000| Untracked 
|  36|0x0000000709200000, 0x0000000709400000, 0x0000000709400000|100%| O|  |TAMS 0x0000000709400000, 0x0000000709400000| Untracked 
|  37|0x0000000709400000, 0x0000000709600000, 0x0000000709600000|100%| O|  |TAMS 0x0000000709600000, 0x0000000709600000| Untracked 
|  38|0x0000000709600000, 0x0000000709800000, 0x0000000709800000|100%| O|  |TAMS 0x0000000709800000, 0x0000000709800000| Untracked 
|  39|0x0000000709800000, 0x0000000709a00000, 0x0000000709a00000|100%| O|  |TAMS 0x0000000709a00000, 0x0000000709a00000| Untracked 
|  40|0x0000000709a00000, 0x0000000709c00000, 0x0000000709c00000|100%| O|  |TAMS 0x0000000709c00000, 0x0000000709c00000| Untracked 
|  41|0x0000000709c00000, 0x0000000709e00000, 0x0000000709e00000|100%| O|  |TAMS 0x0000000709e00000, 0x0000000709e00000| Untracked 
|  42|0x0000000709e00000, 0x000000070a000000, 0x000000070a000000|100%| O|  |TAMS 0x000000070a000000, 0x000000070a000000| Untracked 
|  43|0x000000070a000000, 0x000000070a200000, 0x000000070a200000|100%| O|  |TAMS 0x000000070a200000, 0x000000070a200000| Untracked 
|  44|0x000000070a200000, 0x000000070a400000, 0x000000070a400000|100%| O|  |TAMS 0x000000070a400000, 0x000000070a400000| Untracked 
|  45|0x000000070a400000, 0x000000070a600000, 0x000000070a600000|100%| O|  |TAMS 0x000000070a600000, 0x000000070a600000| Untracked 
|  46|0x000000070a600000, 0x000000070a800000, 0x000000070a800000|100%| O|  |TAMS 0x000000070a800000, 0x000000070a800000| Untracked 
|  47|0x000000070a800000, 0x000000070aa00000, 0x000000070aa00000|100%| O|  |TAMS 0x000000070aa00000, 0x000000070aa00000| Untracked 
|  48|0x000000070aa00000, 0x000000070ac00000, 0x000000070ac00000|100%| O|  |TAMS 0x000000070ac00000, 0x000000070ac00000| Untracked 
|  49|0x000000070ac00000, 0x000000070ae00000, 0x000000070ae00000|100%| O|  |TAMS 0x000000070ae00000, 0x000000070ae00000| Untracked 
|  50|0x000000070ae00000, 0x000000070b000000, 0x000000070b000000|100%| O|  |TAMS 0x000000070af67600, 0x000000070b000000| Untracked 
|  51|0x000000070b000000, 0x000000070b200000, 0x000000070b200000|100%| O|  |TAMS 0x000000070b000000, 0x000000070b200000| Untracked 
|  52|0x000000070b200000, 0x000000070b400000, 0x000000070b400000|100%| O|  |TAMS 0x000000070b200000, 0x000000070b400000| Untracked 
|  53|0x000000070b400000, 0x000000070b600000, 0x000000070b600000|100%| O|  |TAMS 0x000000070b400000, 0x000000070b600000| Untracked 
|  54|0x000000070b600000, 0x000000070b800000, 0x000000070b800000|100%| O|  |TAMS 0x000000070b600000, 0x000000070b800000| Untracked 
|  55|0x000000070b800000, 0x000000070ba00000, 0x000000070ba00000|100%| O|  |TAMS 0x000000070b800000, 0x000000070ba00000| Untracked 
|  56|0x000000070ba00000, 0x000000070bc00000, 0x000000070bc00000|100%| O|  |TAMS 0x000000070ba00000, 0x000000070bc00000| Untracked 
|  57|0x000000070bc00000, 0x000000070be00000, 0x000000070be00000|100%| O|  |TAMS 0x000000070bc00000, 0x000000070be00000| Untracked 
|  58|0x000000070be00000, 0x000000070c000000, 0x000000070c000000|100%| O|  |TAMS 0x000000070be00000, 0x000000070c000000| Untracked 
|  59|0x000000070c000000, 0x000000070c200000, 0x000000070c200000|100%| O|  |TAMS 0x000000070c000000, 0x000000070c200000| Untracked 
|  60|0x000000070c200000, 0x000000070c236e00, 0x000000070c400000| 10%| O|  |TAMS 0x000000070c200000, 0x000000070c236e00| Untracked 
|  61|0x000000070c400000, 0x000000070c400000, 0x000000070c600000|  0%| F|  |TAMS 0x000000070c400000, 0x000000070c400000| Untracked 
|  62|0x000000070c600000, 0x000000070c600000, 0x000000070c800000|  0%| F|  |TAMS 0x000000070c600000, 0x000000070c600000| Untracked 
|  63|0x000000070c800000, 0x000000070c800000, 0x000000070ca00000|  0%| F|  |TAMS 0x000000070c800000, 0x000000070c800000| Untracked 
|  64|0x000000070ca00000, 0x000000070ca00000, 0x000000070cc00000|  0%| F|  |TAMS 0x000000070ca00000, 0x000000070ca00000| Untracked 
|  65|0x000000070cc00000, 0x000000070cc00000, 0x000000070ce00000|  0%| F|  |TAMS 0x000000070cc00000, 0x000000070cc00000| Untracked 
|  66|0x000000070ce00000, 0x000000070ce00000, 0x000000070d000000|  0%| F|  |TAMS 0x000000070ce00000, 0x000000070ce00000| Untracked 
|  67|0x000000070d000000, 0x000000070d000000, 0x000000070d200000|  0%| F|  |TAMS 0x000000070d000000, 0x000000070d000000| Untracked 
|  68|0x000000070d200000, 0x000000070d200000, 0x000000070d400000|  0%| F|  |TAMS 0x000000070d200000, 0x000000070d200000| Untracked 
|  69|0x000000070d400000, 0x000000070d400000, 0x000000070d600000|  0%| F|  |TAMS 0x000000070d400000, 0x000000070d400000| Untracked 
|  70|0x000000070d600000, 0x000000070d600000, 0x000000070d800000|  0%| F|  |TAMS 0x000000070d600000, 0x000000070d600000| Untracked 
|  71|0x000000070d800000, 0x000000070d800000, 0x000000070da00000|  0%| F|  |TAMS 0x000000070d800000, 0x000000070d800000| Untracked 
|  72|0x000000070da00000, 0x000000070da00000, 0x000000070dc00000|  0%| F|  |TAMS 0x000000070da00000, 0x000000070da00000| Untracked 
|  73|0x000000070dc00000, 0x000000070dc00000, 0x000000070de00000|  0%| F|  |TAMS 0x000000070dc00000, 0x000000070dc00000| Untracked 
|  74|0x000000070de00000, 0x000000070de00000, 0x000000070e000000|  0%| F|  |TAMS 0x000000070de00000, 0x000000070de00000| Untracked 
|  75|0x000000070e000000, 0x000000070e000000, 0x000000070e200000|  0%| F|  |TAMS 0x000000070e000000, 0x000000070e000000| Untracked 
|  76|0x000000070e200000, 0x000000070e200000, 0x000000070e400000|  0%| F|  |TAMS 0x000000070e200000, 0x000000070e200000| Untracked 
|  77|0x000000070e400000, 0x000000070e400000, 0x000000070e600000|  0%| F|  |TAMS 0x000000070e400000, 0x000000070e400000| Untracked 
|  78|0x000000070e600000, 0x000000070e7ee630, 0x000000070e800000| 96%| S|CS|TAMS 0x000000070e600000, 0x000000070e600000| Complete 
|  79|0x000000070e800000, 0x000000070ea00000, 0x000000070ea00000|100%| S|CS|TAMS 0x000000070e800000, 0x000000070e800000| Complete 
|  80|0x000000070ea00000, 0x000000070ea00000, 0x000000070ec00000|  0%| F|  |TAMS 0x000000070ea00000, 0x000000070ea00000| Untracked 
|  81|0x000000070ec00000, 0x000000070ec00000, 0x000000070ee00000|  0%| F|  |TAMS 0x000000070ec00000, 0x000000070ec00000| Untracked 
|  82|0x000000070ee00000, 0x000000070ee00000, 0x000000070f000000|  0%| F|  |TAMS 0x000000070ee00000, 0x000000070ee00000| Untracked 
|  83|0x000000070f000000, 0x000000070f000000, 0x000000070f200000|  0%| F|  |TAMS 0x000000070f000000, 0x000000070f000000| Untracked 
|  84|0x000000070f200000, 0x000000070f200000, 0x000000070f400000|  0%| F|  |TAMS 0x000000070f200000, 0x000000070f200000| Untracked 
|  85|0x000000070f400000, 0x000000070f400000, 0x000000070f600000|  0%| F|  |TAMS 0x000000070f400000, 0x000000070f400000| Untracked 
|  86|0x000000070f600000, 0x000000070f600000, 0x000000070f800000|  0%| F|  |TAMS 0x000000070f600000, 0x000000070f600000| Untracked 
|  87|0x000000070f800000, 0x000000070f800000, 0x000000070fa00000|  0%| F|  |TAMS 0x000000070f800000, 0x000000070f800000| Untracked 
|  88|0x000000070fa00000, 0x000000070fa00000, 0x000000070fc00000|  0%| F|  |TAMS 0x000000070fa00000, 0x000000070fa00000| Untracked 
|  89|0x000000070fc00000, 0x000000070fc00000, 0x000000070fe00000|  0%| F|  |TAMS 0x000000070fc00000, 0x000000070fc00000| Untracked 
|  90|0x000000070fe00000, 0x000000070fe00000, 0x0000000710000000|  0%| F|  |TAMS 0x000000070fe00000, 0x000000070fe00000| Untracked 
|  91|0x0000000710000000, 0x0000000710000000, 0x0000000710200000|  0%| F|  |TAMS 0x0000000710000000, 0x0000000710000000| Untracked 
|  92|0x0000000710200000, 0x0000000710200000, 0x0000000710400000|  0%| F|  |TAMS 0x0000000710200000, 0x0000000710200000| Untracked 
|  93|0x0000000710400000, 0x0000000710400000, 0x0000000710600000|  0%| F|  |TAMS 0x0000000710400000, 0x0000000710400000| Untracked 
|  94|0x0000000710600000, 0x0000000710600000, 0x0000000710800000|  0%| F|  |TAMS 0x0000000710600000, 0x0000000710600000| Untracked 
|  95|0x0000000710800000, 0x0000000710800000, 0x0000000710a00000|  0%| F|  |TAMS 0x0000000710800000, 0x0000000710800000| Untracked 
|  96|0x0000000710a00000, 0x0000000710a00000, 0x0000000710c00000|  0%| F|  |TAMS 0x0000000710a00000, 0x0000000710a00000| Untracked 
|  97|0x0000000710c00000, 0x0000000710c00000, 0x0000000710e00000|  0%| F|  |TAMS 0x0000000710c00000, 0x0000000710c00000| Untracked 
|  98|0x0000000710e00000, 0x0000000710e00000, 0x0000000711000000|  0%| F|  |TAMS 0x0000000710e00000, 0x0000000710e00000| Untracked 
|  99|0x0000000711000000, 0x0000000711000000, 0x0000000711200000|  0%| F|  |TAMS 0x0000000711000000, 0x0000000711000000| Untracked 
| 100|0x0000000711200000, 0x0000000711200000, 0x0000000711400000|  0%| F|  |TAMS 0x0000000711200000, 0x0000000711200000| Untracked 
| 101|0x0000000711400000, 0x0000000711400000, 0x0000000711600000|  0%| F|  |TAMS 0x0000000711400000, 0x0000000711400000| Untracked 
| 102|0x0000000711600000, 0x0000000711600000, 0x0000000711800000|  0%| F|  |TAMS 0x0000000711600000, 0x0000000711600000| Untracked 
| 103|0x0000000711800000, 0x0000000711800000, 0x0000000711a00000|  0%| F|  |TAMS 0x0000000711800000, 0x0000000711800000| Untracked 
| 104|0x0000000711a00000, 0x0000000711a00000, 0x0000000711c00000|  0%| F|  |TAMS 0x0000000711a00000, 0x0000000711a00000| Untracked 
| 105|0x0000000711c00000, 0x0000000711c00000, 0x0000000711e00000|  0%| F|  |TAMS 0x0000000711c00000, 0x0000000711c00000| Untracked 
| 106|0x0000000711e00000, 0x0000000711e00000, 0x0000000712000000|  0%| F|  |TAMS 0x0000000711e00000, 0x0000000711e00000| Untracked 
| 107|0x0000000712000000, 0x0000000712000000, 0x0000000712200000|  0%| F|  |TAMS 0x0000000712000000, 0x0000000712000000| Untracked 
| 108|0x0000000712200000, 0x0000000712200000, 0x0000000712400000|  0%| F|  |TAMS 0x0000000712200000, 0x0000000712200000| Untracked 
| 109|0x0000000712400000, 0x0000000712400000, 0x0000000712600000|  0%| F|  |TAMS 0x0000000712400000, 0x0000000712400000| Untracked 
| 110|0x0000000712600000, 0x0000000712600000, 0x0000000712800000|  0%| F|  |TAMS 0x0000000712600000, 0x0000000712600000| Untracked 
| 111|0x0000000712800000, 0x0000000712800000, 0x0000000712a00000|  0%| F|  |TAMS 0x0000000712800000, 0x0000000712800000| Untracked 
| 112|0x0000000712a00000, 0x0000000712a00000, 0x0000000712c00000|  0%| F|  |TAMS 0x0000000712a00000, 0x0000000712a00000| Untracked 
| 113|0x0000000712c00000, 0x0000000712c00000, 0x0000000712e00000|  0%| F|  |TAMS 0x0000000712c00000, 0x0000000712c00000| Untracked 
| 114|0x0000000712e00000, 0x0000000712e00000, 0x0000000713000000|  0%| F|  |TAMS 0x0000000712e00000, 0x0000000712e00000| Untracked 
| 115|0x0000000713000000, 0x0000000713000000, 0x0000000713200000|  0%| F|  |TAMS 0x0000000713000000, 0x0000000713000000| Untracked 
| 116|0x0000000713200000, 0x0000000713200000, 0x0000000713400000|  0%| F|  |TAMS 0x0000000713200000, 0x0000000713200000| Untracked 
| 117|0x0000000713400000, 0x0000000713400000, 0x0000000713600000|  0%| F|  |TAMS 0x0000000713400000, 0x0000000713400000| Untracked 
| 118|0x0000000713600000, 0x0000000713600000, 0x0000000713800000|  0%| F|  |TAMS 0x0000000713600000, 0x0000000713600000| Untracked 
| 119|0x0000000713800000, 0x0000000713800000, 0x0000000713a00000|  0%| F|  |TAMS 0x0000000713800000, 0x0000000713800000| Untracked 
| 120|0x0000000713a00000, 0x0000000713a00000, 0x0000000713c00000|  0%| F|  |TAMS 0x0000000713a00000, 0x0000000713a00000| Untracked 
| 121|0x0000000713c00000, 0x0000000713c00000, 0x0000000713e00000|  0%| F|  |TAMS 0x0000000713c00000, 0x0000000713c00000| Untracked 
| 122|0x0000000713e00000, 0x0000000713e00000, 0x0000000714000000|  0%| F|  |TAMS 0x0000000713e00000, 0x0000000713e00000| Untracked 
| 123|0x0000000714000000, 0x0000000714000000, 0x0000000714200000|  0%| F|  |TAMS 0x0000000714000000, 0x0000000714000000| Untracked 
| 124|0x0000000714200000, 0x0000000714200000, 0x0000000714400000|  0%| F|  |TAMS 0x0000000714200000, 0x0000000714200000| Untracked 
| 125|0x0000000714400000, 0x0000000714400000, 0x0000000714600000|  0%| F|  |TAMS 0x0000000714400000, 0x0000000714400000| Untracked 

Card table byte_map: [0x0000024626330000,0x0000024626b10000] _byte_map_base: 0x0000024622b0b000

Marking Bits (Prev, Next): (CMBitMap*) 0x0000024612bc4a70, (CMBitMap*) 0x0000024612bc4a30
 Prev Bits: [0x000002462b1d0000, 0x000002462f0a8000)
 Next Bits: [0x00000246272f0000, 0x000002462b1c8000)

Polling page: 0x00000246114e0000

Metaspace:

Usage:
  Non-class:     57.14 MB used.
      Class:      7.13 MB used.
       Both:     64.28 MB used.

Virtual space:
  Non-class space:       64.00 MB reserved,      57.31 MB ( 90%) committed,  1 nodes.
      Class space:        1.00 GB reserved,       7.25 MB ( <1%) committed,  1 nodes.
             Both:        1.06 GB reserved,      64.56 MB (  6%) committed. 

Chunk freelists:
   Non-Class:  6.17 MB
       Class:  8.72 MB
        Both:  14.89 MB

MaxMetaspaceSize: unlimited
CompressedClassSpaceSize: 1.00 GB
Initial GC threshold: 21.00 MB
Current GC threshold: 107.00 MB
CDS: off
MetaspaceReclaimPolicy: balanced
 - commit_granule_bytes: 65536.
 - commit_granule_words: 8192.
 - virtual_space_node_default_size: 8388608.
 - enlarge_chunks_in_place: 1.
 - new_chunks_are_fully_committed: 0.
 - uncommit_free_chunks: 1.
 - use_allocation_guard: 0.
 - handle_deallocations: 1.


Internal statistics:

num_allocs_failed_limit: 3.
num_arena_births: 328.
num_arena_deaths: 0.
num_vsnodes_births: 2.
num_vsnodes_deaths: 0.
num_space_committed: 1031.
num_space_uncommitted: 0.
num_chunks_returned_to_freelist: 3.
num_chunks_taken_from_freelist: 2474.
num_chunk_merges: 3.
num_chunk_splits: 1944.
num_chunks_enlarged: 1683.
num_inconsistent_stats: 0.

CodeHeap 'non-profiled nmethods': size=120000Kb used=9384Kb max_used=9384Kb free=110615Kb
 bounds [0x000002461dbc0000, 0x000002461e500000, 0x00000246250f0000]
CodeHeap 'profiled nmethods': size=120000Kb used=30815Kb max_used=31039Kb free=89185Kb
 bounds [0x00000246160f0000, 0x0000024617f50000, 0x000002461d620000]
CodeHeap 'non-nmethods': size=5760Kb used=1299Kb max_used=1373Kb free=4460Kb
 bounds [0x000002461d620000, 0x000002461d890000, 0x000002461dbc0000]
 total_blobs=11414 nmethods=10808 adapters=515
 compilation: enabled
              stopped_count=0, restarted_count=0
 full_count=0

Compilation events (20 events):
Event: 20.939 Thread 0x00000246360c51e0 nmethod 13947 0x000002461673fa90 code [0x0000024616740040, 0x0000024616743408]
Event: 20.939 Thread 0x00000246360c51e0 13946       3       org.jetbrains.kotlin.resolve.sam.SamConversionResolverImplKt::nonProjectionParametrization (406 bytes)
Event: 20.943 Thread 0x00000246360c51e0 nmethod 13946 0x0000024617befb10 code [0x0000024617bf03e0, 0x0000024617bf57e8]
Event: 20.949 Thread 0x00000246360c51e0 13948       3       org.jetbrains.kotlin.com.intellij.psi.impl.source.tree.LazyParseablePsiElement::findChildrenByClass (68 bytes)
Event: 20.951 Thread 0x00000246360c51e0 nmethod 13948 0x0000024617740f90 code [0x0000024617741260, 0x00000246177423c8]
Event: 20.961 Thread 0x00000246360c51e0 13949       1       org.jetbrains.kotlin.resolve.calls.tower.FunctionLiteralTypes::getReturnType (5 bytes)
Event: 20.961 Thread 0x00000246360c51e0 nmethod 13949 0x000002461e013390 code [0x000002461e013520, 0x000002461e0135f8]
Event: 20.961 Thread 0x00000246360c51e0 13950       1       org.jetbrains.kotlin.resolve.calls.tower.FunctionLiteralTypes$ProcessedType::getApproximatedType (5 bytes)
Event: 20.961 Thread 0x00000246360c51e0 nmethod 13950 0x000002461e013090 code [0x000002461e013220, 0x000002461e0132f8]
Event: 20.961 Thread 0x00000246360c51e0 13951       3       org.jetbrains.kotlin.types.DelegatingSimpleTypeImpl::replaceAttributes (9 bytes)
Event: 20.962 Thread 0x00000246360c51e0 nmethod 13951 0x000002461614ca10 code [0x000002461614cba0, 0x000002461614cd68]
Event: 20.962 Thread 0x00000246360c51e0 13952       3       org.jetbrains.kotlin.psi.KtLambdaExpression::accept (15 bytes)
Event: 20.962 Thread 0x00000246360c51e0 nmethod 13952 0x0000024617659490 code [0x0000024617659640, 0x00000246176598b8]
Event: 20.965 Thread 0x000002463860fb10 nmethod 13797 0x000002461e4e9510 code [0x000002461e4e9f60, 0x000002461e4f4318]
Event: 20.965 Thread 0x000002463860fb10 13929       4       org.jetbrains.kotlin.resolve.calls.tower.MemberScopeTowerLevel::recordLookup (57 bytes)
Event: 20.979 Thread 0x00000246360c51e0 13954       3       org.jetbrains.kotlin.types.FlexibleTypeImpl::makeNullableAsSpecified (20 bytes)
Event: 20.980 Thread 0x000002463860fb10 nmethod 13929 0x000002461e20f610 code [0x000002461e20f800, 0x000002461e210358]
Event: 20.980 Thread 0x000002463860fb10 13938       4       org.jetbrains.kotlin.resolve.calls.tower.TowerResolver$Task::createNonLocalLevels$addLevelForLexicalScope (92 bytes)
Event: 20.980 Thread 0x00000246360c51e0 nmethod 13954 0x00000246162c8b90 code [0x00000246162c8d60, 0x00000246162c9088]
Event: 20.980 Thread 0x00000246360c51e0 13956       3       org.jetbrains.kotlin.resolve.FunctionDescriptorUtil::lambda$getFunctionInnerScope$0 (141 bytes)

GC Heap History (20 events):
Event: 6.350 GC heap after
{Heap after GC invocations=26 (full 0):
 garbage-first heap   total 231424K, used 82644K [0x0000000704a00000, 0x0000000800000000)
  region size 2048K, 1 young (2048K), 1 survivors (2048K)
 Metaspace       used 57372K, committed 57664K, reserved 1114112K
  class space    used 6679K, committed 6784K, reserved 1048576K
}
Event: 6.637 GC heap before
{Heap before GC invocations=26 (full 0):
 garbage-first heap   total 231424K, used 162516K [0x0000000704a00000, 0x0000000800000000)
  region size 2048K, 40 young (81920K), 1 survivors (2048K)
 Metaspace       used 57592K, committed 57856K, reserved 1114112K
  class space    used 6694K, committed 6784K, reserved 1048576K
}
Event: 6.648 GC heap after
{Heap after GC invocations=27 (full 0):
 garbage-first heap   total 231424K, used 93799K [0x0000000704a00000, 0x0000000800000000)
  region size 2048K, 5 young (10240K), 5 survivors (10240K)
 Metaspace       used 57592K, committed 57856K, reserved 1114112K
  class space    used 6694K, committed 6784K, reserved 1048576K
}
Event: 6.735 GC heap before
{Heap before GC invocations=27 (full 0):
 garbage-first heap   total 231424K, used 163431K [0x0000000704a00000, 0x0000000800000000)
  region size 2048K, 39 young (79872K), 5 survivors (10240K)
 Metaspace       used 57596K, committed 57856K, reserved 1114112K
  class space    used 6694K, committed 6784K, reserved 1048576K
}
Event: 6.740 GC heap after
{Heap after GC invocations=28 (full 0):
 garbage-first heap   total 231424K, used 95183K [0x0000000704a00000, 0x0000000800000000)
  region size 2048K, 1 young (2048K), 1 survivors (2048K)
 Metaspace       used 57596K, committed 57856K, reserved 1114112K
  class space    used 6694K, committed 6784K, reserved 1048576K
}
Event: 6.842 GC heap before
{Heap before GC invocations=28 (full 0):
 garbage-first heap   total 231424K, used 170959K [0x0000000704a00000, 0x0000000800000000)
  region size 2048K, 38 young (77824K), 1 survivors (2048K)
 Metaspace       used 57599K, committed 57856K, reserved 1114112K
  class space    used 6694K, committed 6784K, reserved 1048576K
}
Event: 6.843 GC heap after
{Heap after GC invocations=29 (full 0):
 garbage-first heap   total 231424K, used 94150K [0x0000000704a00000, 0x0000000800000000)
  region size 2048K, 1 young (2048K), 1 survivors (2048K)
 Metaspace       used 57599K, committed 57856K, reserved 1114112K
  class space    used 6694K, committed 6784K, reserved 1048576K
}
Event: 6.924 GC heap before
{Heap before GC invocations=29 (full 0):
 garbage-first heap   total 231424K, used 178118K [0x0000000704a00000, 0x0000000800000000)
  region size 2048K, 42 young (86016K), 1 survivors (2048K)
 Metaspace       used 57605K, committed 57856K, reserved 1114112K
  class space    used 6694K, committed 6784K, reserved 1048576K
}
Event: 6.925 GC heap after
{Heap after GC invocations=30 (full 0):
 garbage-first heap   total 231424K, used 94012K [0x0000000704a00000, 0x0000000800000000)
  region size 2048K, 1 young (2048K), 1 survivors (2048K)
 Metaspace       used 57605K, committed 57856K, reserved 1114112K
  class space    used 6694K, committed 6784K, reserved 1048576K
}
Event: 10.470 GC heap before
{Heap before GC invocations=30 (full 0):
 garbage-first heap   total 231424K, used 184124K [0x0000000704a00000, 0x0000000800000000)
  region size 2048K, 45 young (92160K), 1 survivors (2048K)
 Metaspace       used 63454K, committed 63680K, reserved 1114112K
  class space    used 7206K, committed 7296K, reserved 1048576K
}
Event: 10.485 GC heap after
{Heap after GC invocations=31 (full 0):
 garbage-first heap   total 231424K, used 103862K [0x0000000704a00000, 0x0000000800000000)
  region size 2048K, 5 young (10240K), 5 survivors (10240K)
 Metaspace       used 63454K, committed 63680K, reserved 1114112K
  class space    used 7206K, committed 7296K, reserved 1048576K
}
Event: 15.150 GC heap before
{Heap before GC invocations=31 (full 0):
 garbage-first heap   total 231424K, used 183734K [0x0000000704a00000, 0x0000000800000000)
  region size 2048K, 44 young (90112K), 5 survivors (10240K)
 Metaspace       used 64963K, committed 65280K, reserved 1114112K
  class space    used 7284K, committed 7424K, reserved 1048576K
}
Event: 15.171 GC heap after
{Heap after GC invocations=32 (full 0):
 garbage-first heap   total 231424K, used 111991K [0x0000000704a00000, 0x0000000800000000)
  region size 2048K, 4 young (8192K), 4 survivors (8192K)
 Metaspace       used 64963K, committed 65280K, reserved 1114112K
  class space    used 7284K, committed 7424K, reserved 1048576K
}
Event: 18.370 GC heap before
{Heap before GC invocations=32 (full 0):
 garbage-first heap   total 231424K, used 185719K [0x0000000704a00000, 0x0000000800000000)
  region size 2048K, 40 young (81920K), 4 survivors (8192K)
 Metaspace       used 65420K, committed 65728K, reserved 1114112K
  class space    used 7296K, committed 7424K, reserved 1048576K
}
Event: 18.379 GC heap after
{Heap after GC invocations=33 (full 0):
 garbage-first heap   total 231424K, used 117522K [0x0000000704a00000, 0x0000000800000000)
  region size 2048K, 3 young (6144K), 3 survivors (6144K)
 Metaspace       used 65420K, committed 65728K, reserved 1114112K
  class space    used 7296K, committed 7424K, reserved 1048576K
}
Event: 19.631 GC heap before
{Heap before GC invocations=34 (full 0):
 garbage-first heap   total 231424K, used 187154K [0x0000000704a00000, 0x0000000800000000)
  region size 2048K, 37 young (75776K), 3 survivors (6144K)
 Metaspace       used 65567K, committed 65856K, reserved 1114112K
  class space    used 7300K, committed 7424K, reserved 1048576K
}
Event: 19.639 GC heap after
{Heap after GC invocations=35 (full 0):
 garbage-first heap   total 231424K, used 121669K [0x0000000704a00000, 0x0000000800000000)
  region size 2048K, 2 young (4096K), 2 survivors (4096K)
 Metaspace       used 65567K, committed 65856K, reserved 1114112K
  class space    used 7300K, committed 7424K, reserved 1048576K
}
Event: 19.722 GC heap before
{Heap before GC invocations=35 (full 0):
 garbage-first heap   total 231424K, used 127813K [0x0000000704a00000, 0x0000000800000000)
  region size 2048K, 5 young (10240K), 2 survivors (4096K)
 Metaspace       used 65578K, committed 65856K, reserved 1114112K
  class space    used 7300K, committed 7424K, reserved 1048576K
}
Event: 19.727 GC heap after
{Heap after GC invocations=36 (full 0):
 garbage-first heap   total 231424K, used 121880K [0x0000000704a00000, 0x0000000800000000)
  region size 2048K, 1 young (2048K), 1 survivors (2048K)
 Metaspace       used 65578K, committed 65856K, reserved 1114112K
  class space    used 7300K, committed 7424K, reserved 1048576K
}
Event: 20.981 GC heap before
{Heap before GC invocations=36 (full 0):
 garbage-first heap   total 231424K, used 187416K [0x0000000704a00000, 0x0000000800000000)
  region size 2048K, 33 young (67584K), 1 survivors (2048K)
 Metaspace       used 65821K, committed 66112K, reserved 1114112K
  class space    used 7306K, committed 7424K, reserved 1048576K
}

Dll operation events (2 events):
Event: 0.006 Loaded shared library C:\Program Files\Android\Android Studio\jbr\bin\java.dll
Event: 1.172 Loaded shared library C:\Program Files\Android\Android Studio\jbr\bin\verify.dll

Deoptimization events (20 events):
Event: 20.861 Thread 0x0000024612b57230 Uncommon trap: trap_request=0xffffff45 fr.pc=0x000002461e33c284 relative=0x0000000000001e44
Event: 20.861 Thread 0x0000024612b57230 Uncommon trap: reason=unstable_if action=reinterpret pc=0x000002461e33c284 method=org.jetbrains.kotlin.types.expressions.ExpressionTypingUtils.isExclExclExpression(Lorg/jetbrains/kotlin/psi/KtExpression;)Z @ 4 c2
Event: 20.861 Thread 0x0000024612b57230 DEOPT PACKING pc=0x000002461e33c284 sp=0x000000d72bbf7250
Event: 20.861 Thread 0x0000024612b57230 DEOPT UNPACKING pc=0x000002461d6769a3 sp=0x000000d72bbf71f0 mode 2
Event: 20.865 Thread 0x0000024612b57230 Uncommon trap: trap_request=0xffffffde fr.pc=0x000002461dde85ac relative=0x000000000000018c
Event: 20.865 Thread 0x0000024612b57230 Uncommon trap: reason=class_check action=maybe_recompile pc=0x000002461dde85ac method=kotlin.collections.CollectionsKt___CollectionsKt.first(Ljava/lang/Iterable;)Ljava/lang/Object; @ 22 c2
Event: 20.865 Thread 0x0000024612b57230 DEOPT PACKING pc=0x000002461dde85ac sp=0x000000d72bbf69b0
Event: 20.865 Thread 0x0000024612b57230 DEOPT UNPACKING pc=0x000002461d6769a3 sp=0x000000d72bbf6948 mode 2
Event: 20.962 Thread 0x0000024612b57230 Uncommon trap: trap_request=0xffffffc6 fr.pc=0x000002461e42c7a4 relative=0x0000000000001304
Event: 20.962 Thread 0x0000024612b57230 Uncommon trap: reason=bimorphic_or_optimized_type_check action=maybe_recompile pc=0x000002461e42c7a4 method=org.jetbrains.kotlin.resolve.calls.components.SimpleArgumentsChecksKt.checkExpressionArgument(Lorg/jetbrains/kotlin/resolve/calls/inference/Constra
Event: 20.962 Thread 0x0000024612b57230 DEOPT PACKING pc=0x000002461e42c7a4 sp=0x000000d72bbfa4d0
Event: 20.962 Thread 0x0000024612b57230 DEOPT UNPACKING pc=0x000002461d6769a3 sp=0x000000d72bbfa490 mode 2
Event: 20.962 Thread 0x0000024612b57230 Uncommon trap: trap_request=0xffffff45 fr.pc=0x000002461e4ca754 relative=0x00000000000005f4
Event: 20.962 Thread 0x0000024612b57230 Uncommon trap: reason=unstable_if action=reinterpret pc=0x000002461e4ca754 method=org.jetbrains.kotlin.resolve.calls.tower.NewCallArgumentsKt.getPsiExpression(Lorg/jetbrains/kotlin/resolve/calls/model/KotlinCallArgument;)Lorg/jetbrains/kotlin/psi/KtExpres
Event: 20.962 Thread 0x0000024612b57230 DEOPT PACKING pc=0x000002461e4ca754 sp=0x000000d72bbfa920
Event: 20.962 Thread 0x0000024612b57230 DEOPT UNPACKING pc=0x000002461d6769a3 sp=0x000000d72bbfa840 mode 2
Event: 20.977 Thread 0x0000024612b57230 Uncommon trap: trap_request=0xffffffde fr.pc=0x000002461e2b83c8 relative=0x00000000000001e8
Event: 20.977 Thread 0x0000024612b57230 Uncommon trap: reason=class_check action=maybe_recompile pc=0x000002461e2b83c8 method=org.jetbrains.kotlin.types.model.TypeSystemCommonSuperTypesContext.typeDepth(Lorg/jetbrains/kotlin/types/model/KotlinTypeMarker;)I @ 41 c2
Event: 20.977 Thread 0x0000024612b57230 DEOPT PACKING pc=0x000002461e2b83c8 sp=0x000000d72bbf9590
Event: 20.977 Thread 0x0000024612b57230 DEOPT UNPACKING pc=0x000002461d6769a3 sp=0x000000d72bbf9528 mode 2

Classes unloaded (0 events):
No events

Classes redefined (0 events):
No events

Internal exceptions (20 events):
Event: 4.859 Thread 0x0000024612b57230 Implicit null exception at 0x000002461dc1740f to 0x000002461dc17688
Event: 4.961 Thread 0x0000024612b57230 Exception <a 'java/lang/NoSuchMethodError'{0x0000000709440608}: 'java.lang.Object java.lang.invoke.DirectMethodHandle$Holder.invokeStatic(java.lang.Object, java.lang.Object, java.lang.Object, java.lang.Object, int)'> (0x0000000709440608) 
thrown [s\src\hotspot\share\interpreter\linkResolver.cpp, line 771]
Event: 4.963 Thread 0x0000024612b57230 Exception <a 'java/lang/NoSuchMethodError'{0x000000070944a048}: 'java.lang.Object java.lang.invoke.DirectMethodHandle$Holder.newInvokeSpecial(java.lang.Object, java.lang.Object, java.lang.Object, java.lang.Object, int)'> (0x000000070944a048) 
thrown [s\src\hotspot\share\interpreter\linkResolver.cpp, line 771]
Event: 4.964 Thread 0x0000024612b57230 Exception <a 'java/lang/NoSuchMethodError'{0x0000000709451f68}: 'java.lang.Object java.lang.invoke.Invokers$Holder.linkToTargetMethod(java.lang.Object, java.lang.Object, java.lang.Object, int, java.lang.Object)'> (0x0000000709451f68) 
thrown [s\src\hotspot\share\interpreter\linkResolver.cpp, line 771]
Event: 7.027 Thread 0x0000024612b57230 Implicit null exception at 0x000002461df64ad3 to 0x000002461df64b7a
Event: 7.073 Thread 0x0000024612b57230 Exception <a 'java/lang/NoSuchMethodError'{0x00000007115e6378}: 'int java.lang.invoke.DirectMethodHandle$Holder.invokeStaticInit(java.lang.Object, int)'> (0x00000007115e6378) 
thrown [s\src\hotspot\share\interpreter\linkResolver.cpp, line 771]
Event: 7.263 Thread 0x0000024612b57230 Implicit null exception at 0x000002461e046814 to 0x000002461e046952
Event: 7.448 Thread 0x0000024612b57230 Implicit null exception at 0x000002461dcd2395 to 0x000002461dcd2484
Event: 7.448 Thread 0x0000024612b57230 Implicit null exception at 0x000002461dc465d8 to 0x000002461dc4666e
Event: 7.451 Thread 0x0000024612b57230 Implicit null exception at 0x000002461dc1f50f to 0x000002461dc1f589
Event: 7.461 Thread 0x0000024612b57230 Exception <a 'java/lang/NoSuchMethodError'{0x00000007107c9b48}: 'java.lang.Object java.lang.invoke.DirectMethodHandle$Holder.invokeInterface(java.lang.Object, java.lang.Object, java.lang.Object)'> (0x00000007107c9b48) 
thrown [s\src\hotspot\share\interpreter\linkResolver.cpp, line 771]
Event: 7.462 Thread 0x0000024612b57230 Exception <a 'java/lang/IncompatibleClassChangeError'{0x00000007107cd4b8}: Found class java.lang.Object, but interface was expected> (0x00000007107cd4b8) 
thrown [s\src\hotspot\share\interpreter\linkResolver.cpp, line 838]
Event: 7.563 Thread 0x0000024612b57230 Implicit null exception at 0x000002461e068b3c to 0x000002461e069adc
Event: 7.794 Thread 0x0000024612b57230 Exception <a 'java/lang/NoSuchMethodError'{0x000000070f8f5898}: 'java.lang.Object java.lang.invoke.DirectMethodHandle$Holder.newInvokeSpecial(java.lang.Object, java.lang.Object, java.lang.Object, java.lang.Object, java.lang.Object, java.lang.Object, java.lang.Object)'> (0x000000070f8f5898) 
thrown [s\src\hotspot\share\interpreter\linkResolver.cpp, line 771]
Event: 7.795 Thread 0x0000024612b57230 Exception <a 'java/lang/NoSuchMethodError'{0x000000070f8fa450}: 'java.lang.Object java.lang.invoke.Invokers$Holder.linkToTargetMethod(java.lang.Object, java.lang.Object, java.lang.Object, java.lang.Object, java.lang.Object, java.lang.Object, java.lang.Object)'> (0x000000070f8fa450) 
thrown [s\src\hotspot\share\interpreter\linkResolver.cpp, line 771]
Event: 8.055 Thread 0x0000024612b57230 Exception <a 'java/lang/NoSuchMethodError'{0x000000070f2dd028}: 'java.lang.Object java.lang.invoke.DirectMethodHandle$Holder.invokeStatic(java.lang.Object, int, java.lang.Object)'> (0x000000070f2dd028) 
thrown [s\src\hotspot\share\interpreter\linkResolver.cpp, line 771]
Event: 10.058 Thread 0x0000024612b57230 Implicit null exception at 0x000002461e0a4ba8 to 0x000002461e0ab2e0
Event: 13.490 Thread 0x0000024612b57230 Implicit null exception at 0x000002461dfdabcc to 0x000002461dfdada0
Event: 13.687 Thread 0x0000024612b57230 Exception <a 'java/lang/NoSuchMethodError'{0x000000070f236a18}: 'java.lang.Object java.lang.invoke.DirectMethodHandle$Holder.newInvokeSpecial(java.lang.Object, int, java.lang.Object, java.lang.Object)'> (0x000000070f236a18) 
thrown [s\src\hotspot\share\interpreter\linkResolver.cpp, line 771]
Event: 18.291 Thread 0x0000024612b57230 Implicit null exception at 0x000002461dd64b4d to 0x000002461dd66648

VM Operations (20 events):
Event: 19.639 Executing VM operation: G1CollectForAllocation done
Event: 19.722 Executing VM operation: G1CollectForAllocation
Event: 19.727 Executing VM operation: G1CollectForAllocation done
Event: 20.084 Executing VM operation: HandshakeAllThreads
Event: 20.084 Executing VM operation: HandshakeAllThreads done
Event: 20.148 Executing VM operation: ICBufferFull
Event: 20.148 Executing VM operation: ICBufferFull done
Event: 20.294 Executing VM operation: ICBufferFull
Event: 20.294 Executing VM operation: ICBufferFull done
Event: 20.383 Executing VM operation: HandshakeAllThreads
Event: 20.383 Executing VM operation: HandshakeAllThreads done
Event: 20.385 Executing VM operation: HandshakeAllThreads
Event: 20.385 Executing VM operation: HandshakeAllThreads done
Event: 20.516 Executing VM operation: ICBufferFull
Event: 20.516 Executing VM operation: ICBufferFull done
Event: 20.740 Executing VM operation: ICBufferFull
Event: 20.740 Executing VM operation: ICBufferFull done
Event: 20.778 Executing VM operation: HandshakeAllThreads
Event: 20.778 Executing VM operation: HandshakeAllThreads done
Event: 20.981 Executing VM operation: G1CollectForAllocation

Events (20 events):
Event: 20.797 Thread 0x00000246360d2330 flushing nmethod 0x0000024617432d90
Event: 20.797 Thread 0x00000246360d2330 flushing nmethod 0x0000024617434690
Event: 20.797 Thread 0x00000246360d2330 flushing nmethod 0x0000024617495410
Event: 20.797 Thread 0x00000246360d2330 flushing nmethod 0x000002461749a190
Event: 20.798 Thread 0x00000246360d2330 flushing nmethod 0x0000024617503a10
Event: 20.798 Thread 0x00000246360d2330 flushing nmethod 0x00000246175f7810
Event: 20.798 Thread 0x00000246360d2330 flushing nmethod 0x000002461761ce10
Event: 20.798 Thread 0x00000246360d2330 flushing nmethod 0x0000024617659490
Event: 20.799 Thread 0x00000246360d2330 flushing nmethod 0x00000246176c9110
Event: 20.799 Thread 0x00000246360d2330 flushing nmethod 0x00000246176d6490
Event: 20.799 Thread 0x00000246360d2330 flushing nmethod 0x0000024617727990
Event: 20.799 Thread 0x00000246360d2330 flushing nmethod 0x0000024617740f90
Event: 20.799 Thread 0x00000246360d2330 flushing nmethod 0x000002461775af10
Event: 20.800 Thread 0x00000246360d2330 flushing nmethod 0x00000246177d9b10
Event: 20.800 Thread 0x00000246360d2330 flushing nmethod 0x00000246177e0110
Event: 20.800 Thread 0x00000246360d2330 flushing nmethod 0x0000024617803590
Event: 20.800 Thread 0x00000246360d2330 flushing nmethod 0x0000024617843d90
Event: 20.800 Thread 0x00000246360d2330 flushing nmethod 0x00000246178d3990
Event: 20.802 Thread 0x00000246360d2330 flushing nmethod 0x0000024617bce990
Event: 20.803 Thread 0x00000246360d2330 flushing nmethod 0x0000024617bef710


Dynamic libraries:
0x00007ff61a2c0000 - 0x00007ff61a2ca000 	C:\Program Files\Android\Android Studio\jbr\bin\java.exe
0x00007fff16960000 - 0x00007fff16bc6000 	C:\WINDOWS\SYSTEM32\ntdll.dll
0x00007fff164d0000 - 0x00007fff16599000 	C:\WINDOWS\System32\KERNEL32.DLL
0x00007fff14080000 - 0x00007fff1444c000 	C:\WINDOWS\System32\KERNELBASE.dll
0x00007fff14450000 - 0x00007fff1459b000 	C:\WINDOWS\System32\ucrtbase.dll
0x00007fff02a20000 - 0x00007fff02a37000 	C:\Program Files\Android\Android Studio\jbr\bin\jli.dll
0x00007fff15560000 - 0x00007fff1572a000 	C:\WINDOWS\System32\USER32.dll
0x00007fff13c20000 - 0x00007fff13c47000 	C:\WINDOWS\System32\win32u.dll
0x00007fff02040000 - 0x00007fff0205b000 	C:\Program Files\Android\Android Studio\jbr\bin\VCRUNTIME140.dll
0x00007fff14dc0000 - 0x00007fff14deb000 	C:\WINDOWS\System32\GDI32.dll
0x00007fff13dd0000 - 0x00007fff13f02000 	C:\WINDOWS\System32\gdi32full.dll
0x00007fff13f10000 - 0x00007fff13fb3000 	C:\WINDOWS\System32\msvcp_win.dll
0x00007ffef3a00000 - 0x00007ffef3c9a000 	C:\WINDOWS\WinSxS\amd64_microsoft.windows.common-controls_6595b64144ccf1df_6.0.26100.3912_none_3e07963ce335137e\COMCTL32.dll
0x00007fff15200000 - 0x00007fff152a9000 	C:\WINDOWS\System32\msvcrt.dll
0x00007fff16860000 - 0x00007fff16890000 	C:\WINDOWS\System32\IMM32.DLL
0x00007fff0ea10000 - 0x00007fff0ea1c000 	C:\Program Files\Android\Android Studio\jbr\bin\vcruntime140_1.dll
0x00007ffed0090000 - 0x00007ffed011d000 	C:\Program Files\Android\Android Studio\jbr\bin\msvcp140.dll
0x00007ffebbd60000 - 0x00007ffebc9e3000 	C:\Program Files\Android\Android Studio\jbr\bin\server\jvm.dll
0x00007fff15730000 - 0x00007fff157e2000 	C:\WINDOWS\System32\ADVAPI32.dll
0x00007fff14d10000 - 0x00007fff14db6000 	C:\WINDOWS\System32\sechost.dll
0x00007fff158f0000 - 0x00007fff15a06000 	C:\WINDOWS\System32\RPCRT4.dll
0x00007fff13940000 - 0x00007fff1399e000 	C:\WINDOWS\SYSTEM32\POWRPROF.dll
0x00007fff0a920000 - 0x00007fff0a956000 	C:\WINDOWS\SYSTEM32\WINMM.dll
0x00007ffef4850000 - 0x00007ffef485a000 	C:\WINDOWS\SYSTEM32\WSOCK32.dll
0x00007fff14df0000 - 0x00007fff14e64000 	C:\WINDOWS\System32\WS2_32.dll
0x00007fff0a910000 - 0x00007fff0a91b000 	C:\WINDOWS\SYSTEM32\VERSION.dll
0x00007fff13920000 - 0x00007fff13934000 	C:\WINDOWS\SYSTEM32\UMPDC.dll
0x00007fff12870000 - 0x00007fff1288a000 	C:\WINDOWS\SYSTEM32\kernel.appcore.dll
0x00007fff0c8f0000 - 0x00007fff0c8fa000 	C:\Program Files\Android\Android Studio\jbr\bin\jimage.dll
0x00007fff10c80000 - 0x00007fff10ec1000 	C:\WINDOWS\SYSTEM32\DBGHELP.DLL
0x00007fff14e70000 - 0x00007fff151f4000 	C:\WINDOWS\System32\combase.dll
0x00007fff15a10000 - 0x00007fff15af0000 	C:\WINDOWS\System32\OLEAUT32.dll
0x00007fff079f0000 - 0x00007fff07a29000 	C:\WINDOWS\SYSTEM32\dbgcore.DLL
0x00007fff13af0000 - 0x00007fff13b89000 	C:\WINDOWS\System32\bcryptPrimitives.dll
0x00007fff0c160000 - 0x00007fff0c185000 	C:\Program Files\Android\Android Studio\jbr\bin\java.dll
0x00007fff0c8d0000 - 0x00007fff0c8e8000 	C:\Program Files\Android\Android Studio\jbr\bin\zip.dll
0x00007fff15d70000 - 0x00007fff1649d000 	C:\WINDOWS\System32\SHELL32.dll
0x00007fff145a0000 - 0x00007fff14714000 	C:\WINDOWS\System32\wintypes.dll
0x00007fff116e0000 - 0x00007fff11f36000 	C:\WINDOWS\SYSTEM32\windows.storage.dll
0x00007fff165e0000 - 0x00007fff166cf000 	C:\WINDOWS\System32\SHCORE.dll
0x00007fff157f0000 - 0x00007fff15859000 	C:\WINDOWS\System32\shlwapi.dll
0x00007fff13a00000 - 0x00007fff13a2f000 	C:\WINDOWS\SYSTEM32\profapi.dll
0x00007fff0c140000 - 0x00007fff0c159000 	C:\Program Files\Android\Android Studio\jbr\bin\net.dll
0x00007fff0cd90000 - 0x00007fff0ceae000 	C:\WINDOWS\SYSTEM32\WINHTTP.dll
0x00007fff12dc0000 - 0x00007fff12e2a000 	C:\WINDOWS\system32\mswsock.dll
0x00007fff07c60000 - 0x00007fff07c76000 	C:\Program Files\Android\Android Studio\jbr\bin\nio.dll
0x00007fff0c130000 - 0x00007fff0c140000 	C:\Program Files\Android\Android Studio\jbr\bin\verify.dll

dbghelp: loaded successfully - version: 4.0.5 - missing functions: none
symbol engine: initialized successfully - sym options: 0x614 - pdb path: .;C:\Program Files\Android\Android Studio\jbr\bin;C:\WINDOWS\SYSTEM32;C:\WINDOWS\WinSxS\amd64_microsoft.windows.common-controls_6595b64144ccf1df_6.0.26100.3912_none_3e07963ce335137e;C:\Program Files\Android\Android Studio\jbr\bin\server

VM Arguments:
java_command: org.jetbrains.kotlin.cli.jvm.K2JVMCompiler @D:\Android_studio\SaiErp\app\build\20250604_4415261697052044969.compiler.options
java_class_path (initial): C:\Users\Lenovo\.gradle\caches\modules-2\files-2.1\org.jetbrains.kotlin\kotlin-compiler-embeddable\1.9.0\2c8c3a7402becca891f12739b3e9fd2dc2adbd7a\kotlin-compiler-embeddable-1.9.0.jar;C:\Users\Lenovo\.gradle\caches\modules-2\files-2.1\org.jetbrains.kotlin\kotlin-stdlib\1.9.0\8ee15ef0c67dc83d874f412d84378d7f0eb50b63\kotlin-stdlib-1.9.0.jar;C:\Users\Lenovo\.gradle\caches\modules-2\files-2.1\org.jetbrains.kotlin\kotlin-script-runtime\1.9.0\4b3102cbbb7e1b58d9d1adf89563f00069ffa7d1\kotlin-script-runtime-1.9.0.jar;C:\Users\Lenovo\.gradle\caches\modules-2\files-2.1\org.jetbrains.kotlin\kotlin-reflect\1.6.10\1cbe9c92c12a94eea200d23c2bbaedaf3daf5132\kotlin-reflect-1.6.10.jar;C:\Users\Lenovo\.gradle\caches\modules-2\files-2.1\org.jetbrains.kotlin\kotlin-daemon-embeddable\1.9.0\186543f5e28cf8d9a0290fecc2cf34301c40a65c\kotlin-daemon-embeddable-1.9.0.jar;C:\Users\Lenovo\.gradle\caches\modules-2\files-2.1\org.jetbrains.intellij.deps\trove4j\1.0.20200330\3afb14d5f9ceb459d724e907a21145e8ff394f02\trove4j-1.0.20200330.jar;C:\Users\Lenovo\.gradle\caches\modules-2\files-2.1\org.jetbrains.kotlin\kotlin-stdlib-common\1.9.0\cd65c21cfd1eec4d44ef09f9f52b6d9f8a720636\kotlin-stdlib-common-1.9.0.jar;C:\Users\Lenovo\.gradle\caches\modules-2\files-2.1\org.jetbrains\annotations\13.0\919f0dfe192fb4e063e7dacadee7f8bb9a2672a9\annotations-13.0.jar
Launcher Type: SUN_STANDARD

[Global flags]
     intx CICompilerCount                          = 4                                         {product} {ergonomic}
     uint ConcGCThreads                            = 2                                         {product} {ergonomic}
     uint G1ConcRefinementThreads                  = 8                                         {product} {ergonomic}
   size_t G1HeapRegionSize                         = 2097152                                   {product} {ergonomic}
    uintx GCDrainStackTargetSize                   = 64                                        {product} {ergonomic}
   size_t InitialHeapSize                          = 264241152                                 {product} {ergonomic}
   size_t MarkStackSize                            = 4194304                                   {product} {ergonomic}
   size_t MaxHeapSize                              = 4217372672                                {product} {ergonomic}
   size_t MaxNewSize                               = 2529165312                                {product} {ergonomic}
   size_t MinHeapDeltaBytes                        = 2097152                                   {product} {ergonomic}
   size_t MinHeapSize                              = 8388608                                   {product} {ergonomic}
    uintx NonNMethodCodeHeapSize                   = 5839372                                {pd product} {ergonomic}
    uintx NonProfiledCodeHeapSize                  = 122909434                              {pd product} {ergonomic}
    uintx ProfiledCodeHeapSize                     = 122909434                              {pd product} {ergonomic}
    uintx ReservedCodeCacheSize                    = 251658240                              {pd product} {ergonomic}
     bool SegmentedCodeCache                       = true                                      {product} {ergonomic}
   size_t SoftMaxHeapSize                          = 4217372672                             {manageable} {ergonomic}
     bool UseCompressedClassPointers               = true                           {product lp64_product} {ergonomic}
     bool UseCompressedOops                        = true                           {product lp64_product} {ergonomic}
     bool UseG1GC                                  = true                                      {product} {ergonomic}
     bool UseLargePagesIndividualAllocation        = false                                  {pd product} {ergonomic}

Logging:
Log output configuration:
 #0: stdout all=warning uptime,level,tags
 #1: stderr all=off uptime,level,tags

Environment Variables:
PATH=D:\DevSuiteHome_1\jdk\jre\bin\classic;D:\DevSuiteHome_1\jdk\jre\bin;D:\DevSuiteHome_1\jdk\jre\bin\client;D:\DevSuiteHome_1\jlib;D:\DevSuiteHome_1\bin;D:\DevSuiteHome_1\jre\1.4.2\bin\client;D:\DevSuiteHome_1\jre\1.4.2\bin;C:\WINDOWS\system32;C:\WINDOWS;C:\WINDOWS\System32\Wbem;C:\WINDOWS\System32\WindowsPowerShell\v1.0\;C:\WINDOWS\System32\OpenSSH\;C:\Program Files\Git\cmd;C:\ProgramData\chocolatey\bin;C:\Program Files\nodejs\;C:\Users\Lenovo\AppData\Local\Programs\Python\Python312\Scripts\;C:\Users\Lenovo\AppData\Local\Programs\Python\Python312\;C:\Users\Lenovo\AppData\Local\Programs\Python\Launcher\;C:\Users\Lenovo\AppData\Local\Microsoft\WindowsApps;C:\Program Files\nodejs;C:\Users\Lenovo\AppData\Local\Programs\Microsoft VS Code\bin;C:\Users\Lenovo\AppData\Roaming\npm
USERNAME=Lenovo
OS=Windows_NT
PROCESSOR_IDENTIFIER=Intel64 Family 6 Model 154 Stepping 4, GenuineIntel
TMP=C:\Users\Lenovo\AppData\Local\Temp
TEMP=C:\Users\Lenovo\AppData\Local\Temp



Periodic native trim disabled

JNI global refs:
JNI global refs: 13, weak refs: 11

JNI global refs memory usage: 843, weak refs: 841

OOME stack traces (most recent first):
Classloader memory used:
Loader jdk.internal.loader.ClassLoaders$AppClassLoader                                 : 6859K
Loader bootstrap                                                                       : 1339K
Loader jdk.internal.reflect.DelegatingClassLoader                                      : 29032B


---------------  S Y S T E M  ---------------

OS:
 Windows 11 , 64 bit Build 26100 (10.0.26100.3912)
OS uptime: 8 days 21:01 hours
Hyper-V role detected

CPU: total 8 (initial active 8) (4 cores per cpu, 2 threads per core) family 6 model 154 stepping 4 microcode 0x433, cx8, cmov, fxsr, ht, mmx, 3dnowpref, sse, sse2, sse3, ssse3, sse4.1, sse4.2, popcnt, lzcnt, tsc, tscinvbit, avx, avx2, aes, erms, clmul, bmi1, bmi2, adx, sha, fma, vzeroupper, clflush, clflushopt, clwb, hv
Processor Information for processor 0
  Max Mhz: 1200, Current Mhz: 1200, Mhz Limit: 1200
Processor Information for processor 1
  Max Mhz: 1200, Current Mhz: 1200, Mhz Limit: 1200
Processor Information for processor 2
  Max Mhz: 1200, Current Mhz: 1200, Mhz Limit: 1200
Processor Information for processor 3
  Max Mhz: 1200, Current Mhz: 1200, Mhz Limit: 1200
Processor Information for processor 4
  Max Mhz: 1200, Current Mhz: 900, Mhz Limit: 900
Processor Information for processor 5
  Max Mhz: 1200, Current Mhz: 900, Mhz Limit: 900
Processor Information for processor 6
  Max Mhz: 1200, Current Mhz: 900, Mhz Limit: 900
Processor Information for processor 7
  Max Mhz: 1200, Current Mhz: 900, Mhz Limit: 900

Memory: 4k page, system-wide physical 16083M (1133M free)
TotalPageFile size 24275M (AvailPageFile size 118M)
current process WorkingSet (physical memory assigned to process): 452M, peak: 465M
current process commit charge ("private bytes"): 518M, peak: 719M

vm_info: OpenJDK 64-Bit Server VM (17.0.10+0--11572160) for windows-amd64 JRE (17.0.10+0--11572160), built on Mar 13 2024 23:56:38 by "androidbuild" with MS VC++ 16.10 / 16.11 (VS2019)

END.
