#
# There is insufficient memory for the Java Runtime Environment to continue.
# Native memory allocation (mmap) failed to map 377487360 bytes for G1 virtual space
# Possible reasons:
#   The system is out of physical RAM or swap space
#   The process is running with CompressedOops enabled, and the Java Heap may be blocking the growth of the native heap
# Possible solutions:
#   Reduce memory load on the system
#   Increase physical memory or swap space
#   Check if swap backing store is full
#   Decrease Java heap size (-Xmx/-Xms)
#   Decrease number of Java threads
#   Decrease Java thread stack sizes (-Xss)
#   Set larger code cache with -XX:ReservedCodeCacheSize=
#   JVM is running with Zero Based Compressed Oops mode in which the Java heap is
#     placed in the first 32GB address space. The Java Heap base address is the
#     maximum limit for the native heap growth. Please use -XX:HeapBaseMinAddress
#     to set the Java Heap base and to place the Java Heap above 32GB virtual address.
# This output file may be truncated or incomplete.
#
#  Out of Memory Error (os_windows.cpp:3825), pid=19180, tid=11836
#
# JRE version: OpenJDK Runtime Environment (17.0.10) (build 17.0.10+0--11572160)
# Java VM: OpenJDK 64-Bit Server VM (17.0.10+0--11572160, mixed mode, tiered, compressed oops, compressed class ptrs, g1 gc, windows-amd64)
# No core dump will be written. Minidumps are not enabled by default on client versions of Windows
#

---------------  S U M M A R Y ------------

Command Line: org.jetbrains.kotlin.cli.jvm.K2JVMCompiler @D:\Android_studio\SaiErp\app\build\20250604_5495756003319212617.compiler.options

Host: 12th Gen Intel(R) Core(TM) i3-1215U, 8 cores, 15G,  Windows 11 , 64 bit Build 26100 (10.0.26100.3912)
Time: Wed Jun  4 10:56:14 2025 India Standard Time elapsed time: 37.029877 seconds (0d 0h 0m 37s)

---------------  T H R E A D  ---------------

Current thread (0x000001dc7e17e830):  VMThread "VM Thread" [stack: 0x0000005915b00000,0x0000005915c00000] [id=11836]

Stack: [0x0000005915b00000,0x0000005915c00000]
Native frames: (J=compiled Java code, j=interpreted, Vv=VM code, C=native code)
V  [jvm.dll+0x688e89]
V  [jvm.dll+0x84247a]
V  [jvm.dll+0x8440be]
V  [jvm.dll+0x844723]
V  [jvm.dll+0x24be0f]
V  [jvm.dll+0x685c59]
V  [jvm.dll+0x67a50a]
V  [jvm.dll+0x30cbab]
V  [jvm.dll+0x314056]
V  [jvm.dll+0x363dce]
V  [jvm.dll+0x363fff]
V  [jvm.dll+0x2e2978]
V  [jvm.dll+0x2e0b54]
V  [jvm.dll+0x2e015c]
V  [jvm.dll+0x32502b]
V  [jvm.dll+0x848e1b]
V  [jvm.dll+0x849b61]
V  [jvm.dll+0x84a07d]
V  [jvm.dll+0x84a454]
V  [jvm.dll+0x84a520]
V  [jvm.dll+0x7f0d1a]
V  [jvm.dll+0x687d05]
C  [ucrtbase.dll+0x37b0]
C  [KERNEL32.DLL+0x2e8d7]
C  [ntdll.dll+0x9c5dc]

VM_Operation (0x00000059155fc4c0): G1CollectForAllocation, mode: safepoint, requested by thread 0x000001dc5f1da310


---------------  P R O C E S S  ---------------

Threads class SMR info:
_java_thread_list=0x000001dc079e2520, length=13, elements={
0x000001dc5f1da310, 0x000001dc7e30a9c0, 0x000001dc7e30b380, 0x000001dc7e36c950,
0x000001dc7e345ca0, 0x000001dc7e346970, 0x000001dc7e361290, 0x000001dc7e372220,
0x000001dc7e37af60, 0x000001dc7e37bc80, 0x000001dc7e4ebab0, 0x000001dc7e4ef3c0,
0x000001dc04f001c0
}

Java Threads: ( => current thread )
  0x000001dc5f1da310 JavaThread "main" [_thread_blocked, id=1480, stack(0x0000005915500000,0x0000005915600000)]
  0x000001dc7e30a9c0 JavaThread "Reference Handler" daemon [_thread_blocked, id=15528, stack(0x0000005915c00000,0x0000005915d00000)]
  0x000001dc7e30b380 JavaThread "Finalizer" daemon [_thread_blocked, id=16692, stack(0x0000005915d00000,0x0000005915e00000)]
  0x000001dc7e36c950 JavaThread "Signal Dispatcher" daemon [_thread_blocked, id=16636, stack(0x0000005915e00000,0x0000005915f00000)]
  0x000001dc7e345ca0 JavaThread "Attach Listener" daemon [_thread_blocked, id=23924, stack(0x0000005915f00000,0x0000005916000000)]
  0x000001dc7e346970 JavaThread "Service Thread" daemon [_thread_blocked, id=14044, stack(0x0000005916000000,0x0000005916100000)]
  0x000001dc7e361290 JavaThread "Monitor Deflation Thread" daemon [_thread_blocked, id=21920, stack(0x0000005916100000,0x0000005916200000)]
  0x000001dc7e372220 JavaThread "C2 CompilerThread0" daemon [_thread_blocked, id=10424, stack(0x0000005916200000,0x0000005916300000)]
  0x000001dc7e37af60 JavaThread "C1 CompilerThread0" daemon [_thread_blocked, id=5668, stack(0x0000005916300000,0x0000005916400000)]
  0x000001dc7e37bc80 JavaThread "Sweeper thread" daemon [_thread_blocked, id=10820, stack(0x0000005916400000,0x0000005916500000)]
  0x000001dc7e4ebab0 JavaThread "Notification Thread" daemon [_thread_blocked, id=22184, stack(0x0000005916500000,0x0000005916600000)]
  0x000001dc7e4ef3c0 JavaThread "Common-Cleaner" daemon [_thread_blocked, id=15532, stack(0x0000005916700000,0x0000005916800000)]
  0x000001dc04f001c0 JavaThread "C2 CompilerThread1" daemon [_thread_blocked, id=16496, stack(0x0000005915300000,0x0000005915400000)]

Other Threads:
=>0x000001dc7e17e830 VMThread "VM Thread" [stack: 0x0000005915b00000,0x0000005915c00000] [id=11836]
  0x000001dc7e45ad20 WatcherThread [stack: 0x0000005916600000,0x0000005916700000] [id=12828]
  0x000001dc5f2491b0 GCTaskThread "GC Thread#0" [stack: 0x0000005915600000,0x0000005915700000] [id=1596]
  0x000001dc7ebd7f30 GCTaskThread "GC Thread#1" [stack: 0x0000005916900000,0x0000005916a00000] [id=14880]
  0x000001dc7ebd81f0 GCTaskThread "GC Thread#2" [stack: 0x0000005916a00000,0x0000005916b00000] [id=15096]
  0x000001dc7ebd8cd0 GCTaskThread "GC Thread#3" [stack: 0x0000005916b00000,0x0000005916c00000] [id=12788]
  0x000001dc7ebd93a0 GCTaskThread "GC Thread#4" [stack: 0x0000005916c00000,0x0000005916d00000] [id=16164]
  0x000001dc7ebd9a70 GCTaskThread "GC Thread#5" [stack: 0x0000005916d00000,0x0000005916e00000] [id=20316]
  0x000001dc7f5a6ac0 GCTaskThread "GC Thread#6" [stack: 0x0000005916e00000,0x0000005916f00000] [id=18912]
  0x000001dc7f5a6d80 GCTaskThread "GC Thread#7" [stack: 0x0000005916f00000,0x0000005917000000] [id=16568]
  0x000001dc5f25a820 ConcurrentGCThread "G1 Main Marker" [stack: 0x0000005915700000,0x0000005915800000] [id=8644]
  0x000001dc5f25b8e0 ConcurrentGCThread "G1 Conc#0" [stack: 0x0000005915800000,0x0000005915900000] [id=13992]
  0x000001dc7ebe4370 ConcurrentGCThread "G1 Conc#1" [stack: 0x0000005917000000,0x0000005917100000] [id=16440]
  0x000001dc7e02a7b0 ConcurrentGCThread "G1 Refine#0" [stack: 0x0000005915900000,0x0000005915a00000] [id=15400]
  0x000001dc05844ca0 ConcurrentGCThread "G1 Refine#1" [stack: 0x0000005917200000,0x0000005917300000] [id=21216]
  0x000001dc05846cf0 ConcurrentGCThread "G1 Refine#2" [stack: 0x0000005917300000,0x0000005917400000] [id=24060]
  0x000001dc05846a00 ConcurrentGCThread "G1 Refine#3" [stack: 0x0000005917400000,0x0000005917500000] [id=22408]
  0x000001dc7e02af80 ConcurrentGCThread "G1 Service" [stack: 0x0000005915a00000,0x0000005915b00000] [id=15316]

Threads with active compile tasks:
C2 CompilerThread0    37077 17289       4       org.jetbrains.kotlin.resolve.calls.components.AdditionalDiagnosticReporter::reportSmartCasts (385 bytes)
C2 CompilerThread1    37077 17301       4       org.jetbrains.kotlin.resolve.jvm.checkers.JvmModuleAccessibilityChecker::diagnosticFor (194 bytes)

VM state: at safepoint (normal execution)

VM Mutex/Monitor currently owned by a thread:  ([mutex/lock_event])
[0x000001dc5f1c61f0] Threads_lock - owner thread: 0x000001dc7e17e830
[0x000001dc5f1d73f0] Heap_lock - owner thread: 0x000001dc5f1da310

Heap address: 0x0000000704a00000, size: 4022 MB, Compressed Oops mode: Zero based, Oop shift amount: 3

CDS archive(s) not mapped
Compressed class space mapped at: 0x0000000800000000-0x0000000840000000, reserved size: 1073741824
Narrow klass base: 0x0000000800000000, Narrow klass shift: 0, Narrow klass range: 0x40000000

GC Precious Log:
 CPUs: 8 total, 8 available
 Memory: 16083M
 Large Page Support: Disabled
 NUMA Support: Disabled
 Compressed Oops: Enabled (Zero based)
 Heap Region Size: 2M
 Heap Min Capacity: 8M
 Heap Initial Capacity: 252M
 Heap Max Capacity: 4022M
 Pre-touch: Disabled
 Parallel Workers: 8
 Concurrent Workers: 2
 Concurrent Refinement Workers: 8
 Periodic GC: Disabled

Heap:
 garbage-first heap   total 337920K, used 196899K [0x0000000704a00000, 0x0000000800000000)
  region size 2048K, 1 young (2048K), 1 survivors (2048K)
 Metaspace       used 68451K, committed 68800K, reserved 1114112K
  class space    used 7477K, committed 7680K, reserved 1048576K

Heap Regions: E=young(eden), S=young(survivor), O=old, HS=humongous(starts), HC=humongous(continues), CS=collection set, F=free, OA=open archive, CA=closed archive, TAMS=top-at-mark-start (previous, next)
|   0|0x0000000704a00000, 0x0000000704c00000, 0x0000000704c00000|100%|HS|  |TAMS 0x0000000704c00000, 0x0000000704a00000| Complete 
|   1|0x0000000704c00000, 0x0000000704e00000, 0x0000000704e00000|100%|HC|  |TAMS 0x0000000704e00000, 0x0000000704c00000| Complete 
|   2|0x0000000704e00000, 0x0000000705000000, 0x0000000705000000|100%|HS|  |TAMS 0x0000000705000000, 0x0000000704e00000| Complete 
|   3|0x0000000705000000, 0x0000000705200000, 0x0000000705200000|100%| O|  |TAMS 0x0000000705200000, 0x0000000705000000| Untracked 
|   4|0x0000000705200000, 0x0000000705400000, 0x0000000705400000|100%| O|  |TAMS 0x0000000705400000, 0x0000000705200000| Untracked 
|   5|0x0000000705400000, 0x0000000705600000, 0x0000000705600000|100%| O|  |TAMS 0x0000000705400000, 0x0000000705400000| Untracked 
|   6|0x0000000705600000, 0x0000000705800000, 0x0000000705800000|100%| O|  |TAMS 0x0000000705800000, 0x0000000705600000| Untracked 
|   7|0x0000000705800000, 0x0000000705a00000, 0x0000000705a00000|100%| O|  |TAMS 0x0000000705a00000, 0x0000000705800000| Untracked 
|   8|0x0000000705a00000, 0x0000000705c00000, 0x0000000705c00000|100%| O|  |TAMS 0x0000000705c00000, 0x0000000705a00000| Untracked 
|   9|0x0000000705c00000, 0x0000000705e00000, 0x0000000705e00000|100%| O|  |TAMS 0x0000000705e00000, 0x0000000705c00000| Untracked 
|  10|0x0000000705e00000, 0x0000000706000000, 0x0000000706000000|100%| O|  |TAMS 0x0000000706000000, 0x0000000705e00000| Untracked 
|  11|0x0000000706000000, 0x0000000706200000, 0x0000000706200000|100%| O|  |TAMS 0x0000000706200000, 0x0000000706000000| Untracked 
|  12|0x0000000706200000, 0x0000000706400000, 0x0000000706400000|100%| O|  |TAMS 0x0000000706400000, 0x0000000706200000| Untracked 
|  13|0x0000000706400000, 0x0000000706600000, 0x0000000706600000|100%| O|  |TAMS 0x0000000706600000, 0x0000000706400000| Untracked 
|  14|0x0000000706600000, 0x0000000706800000, 0x0000000706800000|100%| O|  |TAMS 0x0000000706800000, 0x0000000706600000| Untracked 
|  15|0x0000000706800000, 0x0000000706a00000, 0x0000000706a00000|100%| O|  |TAMS 0x0000000706a00000, 0x0000000706800000| Untracked 
|  16|0x0000000706a00000, 0x0000000706c00000, 0x0000000706c00000|100%| O|  |TAMS 0x0000000706c00000, 0x0000000706a00000| Untracked 
|  17|0x0000000706c00000, 0x0000000706e00000, 0x0000000706e00000|100%| O|  |TAMS 0x0000000706e00000, 0x0000000706c00000| Untracked 
|  18|0x0000000706e00000, 0x0000000707000000, 0x0000000707000000|100%| O|  |TAMS 0x0000000707000000, 0x0000000706e00000| Untracked 
|  19|0x0000000707000000, 0x0000000707200000, 0x0000000707200000|100%| O|  |TAMS 0x0000000707200000, 0x0000000707000000| Untracked 
|  20|0x0000000707200000, 0x0000000707400000, 0x0000000707400000|100%| O|  |TAMS 0x0000000707400000, 0x0000000707200000| Untracked 
|  21|0x0000000707400000, 0x0000000707600000, 0x0000000707600000|100%| O|  |TAMS 0x0000000707600000, 0x0000000707400000| Untracked 
|  22|0x0000000707600000, 0x0000000707800000, 0x0000000707800000|100%| O|  |TAMS 0x0000000707800000, 0x0000000707600000| Untracked 
|  23|0x0000000707800000, 0x0000000707a00000, 0x0000000707a00000|100%| O|  |TAMS 0x0000000707a00000, 0x0000000707800000| Untracked 
|  24|0x0000000707a00000, 0x0000000707c00000, 0x0000000707c00000|100%| O|  |TAMS 0x0000000707c00000, 0x0000000707a00000| Untracked 
|  25|0x0000000707c00000, 0x0000000707e00000, 0x0000000707e00000|100%| O|  |TAMS 0x0000000707e00000, 0x0000000707c00000| Untracked 
|  26|0x0000000707e00000, 0x0000000708000000, 0x0000000708000000|100%| O|  |TAMS 0x0000000708000000, 0x0000000707e00000| Untracked 
|  27|0x0000000708000000, 0x0000000708200000, 0x0000000708200000|100%| O|  |TAMS 0x0000000708200000, 0x0000000708000000| Untracked 
|  28|0x0000000708200000, 0x0000000708400000, 0x0000000708400000|100%| O|  |TAMS 0x0000000708400000, 0x0000000708200000| Untracked 
|  29|0x0000000708400000, 0x0000000708600000, 0x0000000708600000|100%| O|  |TAMS 0x0000000708600000, 0x0000000708400000| Untracked 
|  30|0x0000000708600000, 0x0000000708800000, 0x0000000708800000|100%| O|  |TAMS 0x0000000708800000, 0x0000000708600000| Untracked 
|  31|0x0000000708800000, 0x0000000708a00000, 0x0000000708a00000|100%| O|  |TAMS 0x0000000708a00000, 0x0000000708800000| Untracked 
|  32|0x0000000708a00000, 0x0000000708c00000, 0x0000000708c00000|100%| O|  |TAMS 0x0000000708c00000, 0x0000000708a00000| Untracked 
|  33|0x0000000708c00000, 0x0000000708e00000, 0x0000000708e00000|100%| O|  |TAMS 0x0000000708e00000, 0x0000000708c00000| Untracked 
|  34|0x0000000708e00000, 0x0000000709000000, 0x0000000709000000|100%| O|  |TAMS 0x0000000709000000, 0x0000000708e00000| Untracked 
|  35|0x0000000709000000, 0x0000000709200000, 0x0000000709200000|100%| O|  |TAMS 0x0000000709200000, 0x0000000709000000| Untracked 
|  36|0x0000000709200000, 0x0000000709400000, 0x0000000709400000|100%| O|  |TAMS 0x0000000709400000, 0x0000000709200000| Untracked 
|  37|0x0000000709400000, 0x0000000709600000, 0x0000000709600000|100%| O|  |TAMS 0x0000000709600000, 0x0000000709400000| Untracked 
|  38|0x0000000709600000, 0x0000000709800000, 0x0000000709800000|100%| O|  |TAMS 0x0000000709800000, 0x0000000709600000| Untracked 
|  39|0x0000000709800000, 0x0000000709a00000, 0x0000000709a00000|100%| O|  |TAMS 0x0000000709a00000, 0x0000000709800000| Untracked 
|  40|0x0000000709a00000, 0x0000000709a00000, 0x0000000709c00000|  0%| F|  |TAMS 0x0000000709a00000, 0x0000000709a00000| Untracked 
|  41|0x0000000709c00000, 0x0000000709e00000, 0x0000000709e00000|100%| O|  |TAMS 0x0000000709e00000, 0x0000000709c00000| Untracked 
|  42|0x0000000709e00000, 0x000000070a000000, 0x000000070a000000|100%| O|  |TAMS 0x000000070a000000, 0x0000000709e00000| Untracked 
|  43|0x000000070a000000, 0x000000070a200000, 0x000000070a200000|100%| O|  |TAMS 0x000000070a200000, 0x000000070a000000| Untracked 
|  44|0x000000070a200000, 0x000000070a400000, 0x000000070a400000|100%| O|  |TAMS 0x000000070a400000, 0x000000070a200000| Untracked 
|  45|0x000000070a400000, 0x000000070a600000, 0x000000070a600000|100%| O|  |TAMS 0x000000070a600000, 0x000000070a400000| Untracked 
|  46|0x000000070a600000, 0x000000070a800000, 0x000000070a800000|100%| O|  |TAMS 0x000000070a800000, 0x000000070a600000| Untracked 
|  47|0x000000070a800000, 0x000000070aa00000, 0x000000070aa00000|100%| O|  |TAMS 0x000000070aa00000, 0x000000070a800000| Untracked 
|  48|0x000000070aa00000, 0x000000070ac00000, 0x000000070ac00000|100%| O|  |TAMS 0x000000070ac00000, 0x000000070aa00000| Untracked 
|  49|0x000000070ac00000, 0x000000070ae00000, 0x000000070ae00000|100%| O|  |TAMS 0x000000070ae00000, 0x000000070ac00000| Untracked 
|  50|0x000000070ae00000, 0x000000070b000000, 0x000000070b000000|100%| O|  |TAMS 0x000000070b000000, 0x000000070ae00000| Untracked 
|  51|0x000000070b000000, 0x000000070b200000, 0x000000070b200000|100%| O|  |TAMS 0x000000070b200000, 0x000000070b000000| Untracked 
|  52|0x000000070b200000, 0x000000070b400000, 0x000000070b400000|100%| O|  |TAMS 0x000000070b400000, 0x000000070b200000| Untracked 
|  53|0x000000070b400000, 0x000000070b600000, 0x000000070b600000|100%| O|  |TAMS 0x000000070b600000, 0x000000070b400000| Untracked 
|  54|0x000000070b600000, 0x000000070b800000, 0x000000070b800000|100%| O|  |TAMS 0x000000070b800000, 0x000000070b600000| Untracked 
|  55|0x000000070b800000, 0x000000070ba00000, 0x000000070ba00000|100%| O|  |TAMS 0x000000070ba00000, 0x000000070b800000| Untracked 
|  56|0x000000070ba00000, 0x000000070bc00000, 0x000000070bc00000|100%| O|  |TAMS 0x000000070bc00000, 0x000000070ba00000| Untracked 
|  57|0x000000070bc00000, 0x000000070be00000, 0x000000070be00000|100%| O|  |TAMS 0x000000070be00000, 0x000000070bc00000| Untracked 
|  58|0x000000070be00000, 0x000000070c000000, 0x000000070c000000|100%| O|  |TAMS 0x000000070c000000, 0x000000070be00000| Untracked 
|  59|0x000000070c000000, 0x000000070c200000, 0x000000070c200000|100%| O|  |TAMS 0x000000070c200000, 0x000000070c000000| Untracked 
|  60|0x000000070c200000, 0x000000070c400000, 0x000000070c400000|100%| O|  |TAMS 0x000000070c400000, 0x000000070c200000| Untracked 
|  61|0x000000070c400000, 0x000000070c600000, 0x000000070c600000|100%| O|  |TAMS 0x000000070c600000, 0x000000070c400000| Untracked 
|  62|0x000000070c600000, 0x000000070c800000, 0x000000070c800000|100%| O|  |TAMS 0x000000070c800000, 0x000000070c600000| Untracked 
|  63|0x000000070c800000, 0x000000070ca00000, 0x000000070ca00000|100%| O|  |TAMS 0x000000070ca00000, 0x000000070c800000| Untracked 
|  64|0x000000070ca00000, 0x000000070cc00000, 0x000000070cc00000|100%| O|  |TAMS 0x000000070cc00000, 0x000000070ca00000| Untracked 
|  65|0x000000070cc00000, 0x000000070ce00000, 0x000000070ce00000|100%| O|  |TAMS 0x000000070ce00000, 0x000000070cc00000| Untracked 
|  66|0x000000070ce00000, 0x000000070d000000, 0x000000070d000000|100%| O|  |TAMS 0x000000070d000000, 0x000000070ce00000| Untracked 
|  67|0x000000070d000000, 0x000000070d200000, 0x000000070d200000|100%| O|  |TAMS 0x000000070d200000, 0x000000070d000000| Untracked 
|  68|0x000000070d200000, 0x000000070d400000, 0x000000070d400000|100%| O|  |TAMS 0x000000070d400000, 0x000000070d200000| Untracked 
|  69|0x000000070d400000, 0x000000070d600000, 0x000000070d600000|100%| O|  |TAMS 0x000000070d600000, 0x000000070d400000| Untracked 
|  70|0x000000070d600000, 0x000000070d800000, 0x000000070d800000|100%|HS|  |TAMS 0x000000070d800000, 0x000000070d600000| Complete 
|  71|0x000000070d800000, 0x000000070da00000, 0x000000070da00000|100%|HC|  |TAMS 0x000000070da00000, 0x000000070d800000| Complete 
|  72|0x000000070da00000, 0x000000070dc00000, 0x000000070dc00000|100%|HC|  |TAMS 0x000000070dc00000, 0x000000070da00000| Complete 
|  73|0x000000070dc00000, 0x000000070de00000, 0x000000070de00000|100%|HC|  |TAMS 0x000000070de00000, 0x000000070dc00000| Complete 
|  74|0x000000070de00000, 0x000000070e000000, 0x000000070e000000|100%|HC|  |TAMS 0x000000070e000000, 0x000000070de00000| Complete 
|  75|0x000000070e000000, 0x000000070e200000, 0x000000070e200000|100%| O|  |TAMS 0x000000070e200000, 0x000000070e000000| Untracked 
|  76|0x000000070e200000, 0x000000070e400000, 0x000000070e400000|100%| O|  |TAMS 0x000000070e400000, 0x000000070e200000| Untracked 
|  77|0x000000070e400000, 0x000000070e600000, 0x000000070e600000|100%| O|  |TAMS 0x000000070e600000, 0x000000070e400000| Untracked 
|  78|0x000000070e600000, 0x000000070e800000, 0x000000070e800000|100%| O|  |TAMS 0x000000070e800000, 0x000000070e600000| Untracked 
|  79|0x000000070e800000, 0x000000070ea00000, 0x000000070ea00000|100%| O|  |TAMS 0x000000070ea00000, 0x000000070e800000| Untracked 
|  80|0x000000070ea00000, 0x000000070ec00000, 0x000000070ec00000|100%| O|  |TAMS 0x000000070ec00000, 0x000000070ea00000| Untracked 
|  81|0x000000070ec00000, 0x000000070ee00000, 0x000000070ee00000|100%| O|  |TAMS 0x000000070ee00000, 0x000000070ec00000| Untracked 
|  82|0x000000070ee00000, 0x000000070f000000, 0x000000070f000000|100%| O|  |TAMS 0x000000070f000000, 0x000000070ee00000| Untracked 
|  83|0x000000070f000000, 0x000000070f200000, 0x000000070f200000|100%| O|  |TAMS 0x000000070f200000, 0x000000070f000000| Untracked 
|  84|0x000000070f200000, 0x000000070f400000, 0x000000070f400000|100%| O|  |TAMS 0x000000070f400000, 0x000000070f200000| Untracked 
|  85|0x000000070f400000, 0x000000070f600000, 0x000000070f600000|100%| O|  |TAMS 0x000000070f600000, 0x000000070f400000| Untracked 
|  86|0x000000070f600000, 0x000000070f800000, 0x000000070f800000|100%| O|  |TAMS 0x000000070f800000, 0x000000070f600000| Untracked 
|  87|0x000000070f800000, 0x000000070fa00000, 0x000000070fa00000|100%| O|  |TAMS 0x000000070fa00000, 0x000000070f800000| Untracked 
|  88|0x000000070fa00000, 0x000000070fc00000, 0x000000070fc00000|100%| O|  |TAMS 0x000000070fc00000, 0x000000070fa00000| Untracked 
|  89|0x000000070fc00000, 0x000000070fe00000, 0x000000070fe00000|100%| O|  |TAMS 0x000000070fe00000, 0x000000070fc00000| Untracked 
|  90|0x000000070fe00000, 0x0000000710000000, 0x0000000710000000|100%| O|  |TAMS 0x0000000710000000, 0x000000070fe00000| Untracked 
|  91|0x0000000710000000, 0x0000000710200000, 0x0000000710200000|100%| O|  |TAMS 0x0000000710144600, 0x0000000710000000| Untracked 
|  92|0x0000000710200000, 0x0000000710400000, 0x0000000710400000|100%| O|  |TAMS 0x0000000710200000, 0x0000000710200000| Untracked 
|  93|0x0000000710400000, 0x0000000710600000, 0x0000000710600000|100%| O|  |TAMS 0x0000000710400000, 0x0000000710400000| Untracked 
|  94|0x0000000710600000, 0x0000000710800000, 0x0000000710800000|100%| O|  |TAMS 0x0000000710600000, 0x0000000710600000| Untracked 
|  95|0x0000000710800000, 0x0000000710a00000, 0x0000000710a00000|100%| O|  |TAMS 0x0000000710800000, 0x0000000710800000| Untracked 
|  96|0x0000000710a00000, 0x0000000710a98200, 0x0000000710c00000| 29%| O|  |TAMS 0x0000000710a00000, 0x0000000710a00000| Untracked 
|  97|0x0000000710c00000, 0x0000000710c00000, 0x0000000710e00000|  0%| F|  |TAMS 0x0000000710c00000, 0x0000000710c00000| Untracked 
|  98|0x0000000710e00000, 0x0000000710e00000, 0x0000000711000000|  0%| F|  |TAMS 0x0000000710e00000, 0x0000000710e00000| Untracked 
|  99|0x0000000711000000, 0x0000000711000000, 0x0000000711200000|  0%| F|  |TAMS 0x0000000711000000, 0x0000000711000000| Untracked 
| 100|0x0000000711200000, 0x0000000711200000, 0x0000000711400000|  0%| F|  |TAMS 0x0000000711200000, 0x0000000711200000| Untracked 
| 101|0x0000000711400000, 0x0000000711400000, 0x0000000711600000|  0%| F|  |TAMS 0x0000000711400000, 0x0000000711400000| Untracked 
| 102|0x0000000711600000, 0x0000000711600000, 0x0000000711800000|  0%| F|  |TAMS 0x0000000711600000, 0x0000000711600000| Untracked 
| 103|0x0000000711800000, 0x0000000711800000, 0x0000000711a00000|  0%| F|  |TAMS 0x0000000711800000, 0x0000000711800000| Untracked 
| 104|0x0000000711a00000, 0x0000000711a00000, 0x0000000711c00000|  0%| F|  |TAMS 0x0000000711a00000, 0x0000000711a00000| Untracked 
| 105|0x0000000711c00000, 0x0000000711c00000, 0x0000000711e00000|  0%| F|  |TAMS 0x0000000711c00000, 0x0000000711c00000| Untracked 
| 106|0x0000000711e00000, 0x0000000711e00000, 0x0000000712000000|  0%| F|  |TAMS 0x0000000711e00000, 0x0000000711e00000| Untracked 
| 107|0x0000000712000000, 0x0000000712000000, 0x0000000712200000|  0%| F|  |TAMS 0x0000000712000000, 0x0000000712000000| Untracked 
| 108|0x0000000712200000, 0x0000000712200000, 0x0000000712400000|  0%| F|  |TAMS 0x0000000712200000, 0x0000000712200000| Untracked 
| 109|0x0000000712400000, 0x0000000712400000, 0x0000000712600000|  0%| F|  |TAMS 0x0000000712400000, 0x0000000712400000| Untracked 
| 110|0x0000000712600000, 0x0000000712600000, 0x0000000712800000|  0%| F|  |TAMS 0x0000000712600000, 0x0000000712600000| Untracked 
| 111|0x0000000712800000, 0x0000000712800000, 0x0000000712a00000|  0%| F|  |TAMS 0x0000000712800000, 0x0000000712800000| Untracked 
| 112|0x0000000712a00000, 0x0000000712a00000, 0x0000000712c00000|  0%| F|  |TAMS 0x0000000712a00000, 0x0000000712a00000| Untracked 
| 113|0x0000000712c00000, 0x0000000712c00000, 0x0000000712e00000|  0%| F|  |TAMS 0x0000000712c00000, 0x0000000712c00000| Untracked 
| 114|0x0000000712e00000, 0x0000000712e00000, 0x0000000713000000|  0%| F|  |TAMS 0x0000000712e00000, 0x0000000712e00000| Untracked 
| 115|0x0000000713000000, 0x0000000713000000, 0x0000000713200000|  0%| F|  |TAMS 0x0000000713000000, 0x0000000713000000| Untracked 
| 116|0x0000000713200000, 0x0000000713200000, 0x0000000713400000|  0%| F|  |TAMS 0x0000000713200000, 0x0000000713200000| Untracked 
| 117|0x0000000713400000, 0x0000000713400000, 0x0000000713600000|  0%| F|  |TAMS 0x0000000713400000, 0x0000000713400000| Untracked 
| 118|0x0000000713600000, 0x0000000713600000, 0x0000000713800000|  0%| F|  |TAMS 0x0000000713600000, 0x0000000713600000| Untracked 
| 119|0x0000000713800000, 0x0000000713800000, 0x0000000713a00000|  0%| F|  |TAMS 0x0000000713800000, 0x0000000713800000| Untracked 
| 120|0x0000000713a00000, 0x0000000713a00000, 0x0000000713c00000|  0%| F|  |TAMS 0x0000000713a00000, 0x0000000713a00000| Untracked 
| 121|0x0000000713c00000, 0x0000000713c00000, 0x0000000713e00000|  0%| F|  |TAMS 0x0000000713c00000, 0x0000000713c00000| Untracked 
| 122|0x0000000713e00000, 0x0000000713e00000, 0x0000000714000000|  0%| F|  |TAMS 0x0000000713e00000, 0x0000000713e00000| Untracked 
| 123|0x0000000714000000, 0x0000000714000000, 0x0000000714200000|  0%| F|  |TAMS 0x0000000714000000, 0x0000000714000000| Untracked 
| 124|0x0000000714200000, 0x0000000714200000, 0x0000000714400000|  0%| F|  |TAMS 0x0000000714200000, 0x0000000714200000| Untracked 
| 125|0x0000000714400000, 0x0000000714400000, 0x0000000714600000|  0%| F|  |TAMS 0x0000000714400000, 0x0000000714400000| Untracked 
| 126|0x0000000714600000, 0x0000000714600000, 0x0000000714800000|  0%| F|  |TAMS 0x0000000714600000, 0x0000000714600000| Untracked 
| 127|0x0000000714800000, 0x0000000714800000, 0x0000000714a00000|  0%| F|  |TAMS 0x0000000714800000, 0x0000000714800000| Untracked 
| 128|0x0000000714a00000, 0x0000000714a00000, 0x0000000714c00000|  0%| F|  |TAMS 0x0000000714a00000, 0x0000000714a00000| Untracked 
| 129|0x0000000714c00000, 0x0000000714c00000, 0x0000000714e00000|  0%| F|  |TAMS 0x0000000714c00000, 0x0000000714c00000| Untracked 
| 130|0x0000000714e00000, 0x0000000714e00000, 0x0000000715000000|  0%| F|  |TAMS 0x0000000714e00000, 0x0000000714e00000| Untracked 
| 131|0x0000000715000000, 0x0000000715000000, 0x0000000715200000|  0%| F|  |TAMS 0x0000000715000000, 0x0000000715000000| Untracked 
| 132|0x0000000715200000, 0x0000000715200000, 0x0000000715400000|  0%| F|  |TAMS 0x0000000715200000, 0x0000000715200000| Untracked 
| 133|0x0000000715400000, 0x0000000715400000, 0x0000000715600000|  0%| F|  |TAMS 0x0000000715400000, 0x0000000715400000| Untracked 
| 134|0x0000000715600000, 0x0000000715600000, 0x0000000715800000|  0%| F|  |TAMS 0x0000000715600000, 0x0000000715600000| Untracked 
| 135|0x0000000715800000, 0x0000000715800000, 0x0000000715a00000|  0%| F|  |TAMS 0x0000000715800000, 0x0000000715800000| Untracked 
| 136|0x0000000715a00000, 0x0000000715a00000, 0x0000000715c00000|  0%| F|  |TAMS 0x0000000715a00000, 0x0000000715a00000| Untracked 
| 137|0x0000000715c00000, 0x0000000715c00000, 0x0000000715e00000|  0%| F|  |TAMS 0x0000000715c00000, 0x0000000715c00000| Untracked 
| 138|0x0000000715e00000, 0x0000000715e00000, 0x0000000716000000|  0%| F|  |TAMS 0x0000000715e00000, 0x0000000715e00000| Untracked 
| 139|0x0000000716000000, 0x0000000716000000, 0x0000000716200000|  0%| F|  |TAMS 0x0000000716000000, 0x0000000716000000| Untracked 
| 140|0x0000000716200000, 0x0000000716200000, 0x0000000716400000|  0%| F|  |TAMS 0x0000000716200000, 0x0000000716200000| Untracked 
| 141|0x0000000716400000, 0x0000000716400000, 0x0000000716600000|  0%| F|  |TAMS 0x0000000716400000, 0x0000000716400000| Untracked 
| 142|0x0000000716600000, 0x0000000716600000, 0x0000000716800000|  0%| F|  |TAMS 0x0000000716600000, 0x0000000716600000| Untracked 
| 143|0x0000000716800000, 0x0000000716800000, 0x0000000716a00000|  0%| F|  |TAMS 0x0000000716800000, 0x0000000716800000| Untracked 
| 144|0x0000000716a00000, 0x0000000716a00000, 0x0000000716c00000|  0%| F|  |TAMS 0x0000000716a00000, 0x0000000716a00000| Untracked 
| 145|0x0000000716c00000, 0x0000000716c00000, 0x0000000716e00000|  0%| F|  |TAMS 0x0000000716c00000, 0x0000000716c00000| Untracked 
| 146|0x0000000716e00000, 0x0000000716e00000, 0x0000000717000000|  0%| F|  |TAMS 0x0000000716e00000, 0x0000000716e00000| Untracked 
| 147|0x0000000717000000, 0x0000000717000000, 0x0000000717200000|  0%| F|  |TAMS 0x0000000717000000, 0x0000000717000000| Untracked 
| 148|0x0000000717200000, 0x0000000717200000, 0x0000000717400000|  0%| F|  |TAMS 0x0000000717200000, 0x0000000717200000| Untracked 
| 149|0x0000000717400000, 0x0000000717400000, 0x0000000717600000|  0%| F|  |TAMS 0x0000000717400000, 0x0000000717400000| Untracked 
| 150|0x0000000717600000, 0x0000000717600000, 0x0000000717800000|  0%| F|  |TAMS 0x0000000717600000, 0x0000000717600000| Untracked 
| 151|0x0000000717800000, 0x0000000717800000, 0x0000000717a00000|  0%| F|  |TAMS 0x0000000717800000, 0x0000000717800000| Untracked 
| 152|0x0000000717a00000, 0x0000000717a00000, 0x0000000717c00000|  0%| F|  |TAMS 0x0000000717a00000, 0x0000000717a00000| Untracked 
| 153|0x0000000717c00000, 0x0000000717c00000, 0x0000000717e00000|  0%| F|  |TAMS 0x0000000717c00000, 0x0000000717c00000| Untracked 
| 154|0x0000000717e00000, 0x0000000717e00000, 0x0000000718000000|  0%| F|  |TAMS 0x0000000717e00000, 0x0000000717e00000| Untracked 
| 155|0x0000000718000000, 0x0000000718000000, 0x0000000718200000|  0%| F|  |TAMS 0x0000000718000000, 0x0000000718000000| Untracked 
| 156|0x0000000718200000, 0x0000000718200000, 0x0000000718400000|  0%| F|  |TAMS 0x0000000718200000, 0x0000000718200000| Untracked 
| 157|0x0000000718400000, 0x0000000718400000, 0x0000000718600000|  0%| F|  |TAMS 0x0000000718400000, 0x0000000718400000| Untracked 
| 158|0x0000000718600000, 0x0000000718600000, 0x0000000718800000|  0%| F|  |TAMS 0x0000000718600000, 0x0000000718600000| Untracked 
| 159|0x0000000718800000, 0x0000000718800000, 0x0000000718a00000|  0%| F|  |TAMS 0x0000000718800000, 0x0000000718800000| Untracked 
| 160|0x0000000718a00000, 0x0000000718a00000, 0x0000000718c00000|  0%| F|  |TAMS 0x0000000718a00000, 0x0000000718a00000| Untracked 
| 161|0x0000000718c00000, 0x0000000718c00000, 0x0000000718e00000|  0%| F|  |TAMS 0x0000000718c00000, 0x0000000718c00000| Untracked 
| 162|0x0000000718e00000, 0x0000000718fb0dd8, 0x0000000719000000| 84%| S|CS|TAMS 0x0000000718e00000, 0x0000000718e00000| Complete 
| 163|0x0000000719000000, 0x0000000719000000, 0x0000000719200000|  0%| F|  |TAMS 0x0000000719000000, 0x0000000719000000| Untracked 
| 164|0x0000000719200000, 0x0000000719200000, 0x0000000719400000|  0%| F|  |TAMS 0x0000000719200000, 0x0000000719200000| Untracked 

Card table byte_map: [0x000001dc72980000,0x000001dc73160000] _byte_map_base: 0x000001dc6f15b000

Marking Bits (Prev, Next): (CMBitMap*) 0x000001dc5f249710, (CMBitMap*) 0x000001dc5f2496d0
 Prev Bits: [0x000001dc77820000, 0x000001dc7b6f8000)
 Next Bits: [0x000001dc73940000, 0x000001dc77818000)

Polling page: 0x000001dc5d920000

Metaspace:

Usage:
  Non-class:     59.55 MB used.
      Class:      7.30 MB used.
       Both:     66.85 MB used.

Virtual space:
  Non-class space:       64.00 MB reserved,      59.69 MB ( 93%) committed,  1 nodes.
      Class space:        1.00 GB reserved,       7.50 MB ( <1%) committed,  1 nodes.
             Both:        1.06 GB reserved,      67.19 MB (  6%) committed. 

Chunk freelists:
   Non-Class:  3.82 MB
       Class:  8.48 MB
        Both:  12.30 MB

MaxMetaspaceSize: unlimited
CompressedClassSpaceSize: 1.00 GB
Initial GC threshold: 21.00 MB
Current GC threshold: 111.88 MB
CDS: off
MetaspaceReclaimPolicy: balanced
 - commit_granule_bytes: 65536.
 - commit_granule_words: 8192.
 - virtual_space_node_default_size: 8388608.
 - enlarge_chunks_in_place: 1.
 - new_chunks_are_fully_committed: 0.
 - uncommit_free_chunks: 1.
 - use_allocation_guard: 0.
 - handle_deallocations: 1.


Internal statistics:

num_allocs_failed_limit: 3.
num_arena_births: 686.
num_arena_deaths: 0.
num_vsnodes_births: 2.
num_vsnodes_deaths: 0.
num_space_committed: 1073.
num_space_uncommitted: 0.
num_chunks_returned_to_freelist: 3.
num_chunks_taken_from_freelist: 3131.
num_chunk_merges: 3.
num_chunk_splits: 2289.
num_chunks_enlarged: 1760.
num_inconsistent_stats: 0.

CodeHeap 'non-profiled nmethods': size=120000Kb used=15663Kb max_used=15663Kb free=104336Kb
 bounds [0x000001dc6a210000, 0x000001dc6b160000, 0x000001dc71740000]
CodeHeap 'profiled nmethods': size=120000Kb used=32020Kb max_used=33178Kb free=87979Kb
 bounds [0x000001dc62740000, 0x000001dc647d0000, 0x000001dc69c70000]
CodeHeap 'non-nmethods': size=5760Kb used=1301Kb max_used=1415Kb free=4458Kb
 bounds [0x000001dc69c70000, 0x000001dc69ee0000, 0x000001dc6a210000]
 total_blobs=13258 nmethods=12651 adapters=516
 compilation: enabled
              stopped_count=0, restarted_count=0
 full_count=0

Compilation events (20 events):
Event: 35.843 Thread 0x000001dc7e37af60 17296   !   3       jdk.internal.reflect.GeneratedConstructorAccessor24::newInstance (53 bytes)
Event: 35.845 Thread 0x000001dc04f001c0 nmethod 17294 0x000001dc6b157a90 code [0x000001dc6b157c20, 0x000001dc6b157d58]
Event: 35.845 Thread 0x000001dc04f001c0 17290       4       org.jetbrains.kotlin.resolve.calls.components.ArgumentsUtilsKt::checkExpectedParameter (100 bytes)
Event: 35.845 Thread 0x000001dc7e37af60 nmethod 17296 0x000001dc6435f610 code [0x000001dc6435f9a0, 0x000001dc64360e38]
Event: 35.848 Thread 0x000001dc04f001c0 nmethod 17290 0x000001dc6b157e90 code [0x000001dc6b158020, 0x000001dc6b1581f8]
Event: 35.848 Thread 0x000001dc04f001c0 17291       4       org.jetbrains.kotlin.resolve.calls.tower.TowerLevelsKt::getFakeDescriptorForObject (96 bytes)
Event: 35.858 Thread 0x000001dc04f001c0 nmethod 17291 0x000001dc6b158390 code [0x000001dc6b158560, 0x000001dc6b158a28]
Event: 35.858 Thread 0x000001dc04f001c0 17292       4       org.jetbrains.kotlin.resolve.calls.components.ArgumentsUtilsKt$$Lambda$284/0x00000008006850c8::getNeighbors (8 bytes)
Event: 35.887 Thread 0x000001dc04f001c0 nmethod 17292 0x000001dc6b158e10 code [0x000001dc6b159000, 0x000001dc6b159e58]
Event: 35.894 Thread 0x000001dc7e37af60 17297       3       org.jetbrains.kotlin.psi.KtIfExpression::getThen (8 bytes)
Event: 35.894 Thread 0x000001dc7e37af60 nmethod 17297 0x000001dc64193c10 code [0x000001dc64193e40, 0x000001dc641947d8]
Event: 35.895 Thread 0x000001dc7e37af60 17298       3       org.jetbrains.kotlin.psi.KtIfExpression::getElse (8 bytes)
Event: 35.895 Thread 0x000001dc7e37af60 nmethod 17298 0x000001dc64092990 code [0x000001dc64092bc0, 0x000001dc64093558]
Event: 35.896 Thread 0x000001dc04f001c0 17299       4       org.jetbrains.kotlin.cfg.pseudocode.instructions.InstructionImpl::<init> (43 bytes)
Event: 35.902 Thread 0x000001dc04f001c0 nmethod 17299 0x000001dc6b15a910 code [0x000001dc6b15aaa0, 0x000001dc6b15af38]
Event: 35.902 Thread 0x000001dc04f001c0 17300       4       kotlin.sequences.DropWhileSequence$iterator$1::hasNext (38 bytes)
Event: 35.906 Thread 0x000001dc7e37af60 17303       3       org.jetbrains.kotlin.resolve.calls.tower.MemberScopeTowerLevel$collectMembers$4::invoke (9 bytes)
Event: 35.907 Thread 0x000001dc7e37af60 nmethod 17303 0x000001dc6417c590 code [0x000001dc6417c7c0, 0x000001dc6417cfa8]
Event: 35.914 Thread 0x000001dc04f001c0 nmethod 17300 0x000001dc6b15b090 code [0x000001dc6b15b260, 0x000001dc6b15b8d8]
Event: 35.914 Thread 0x000001dc04f001c0 17301       4       org.jetbrains.kotlin.resolve.jvm.checkers.JvmModuleAccessibilityChecker::diagnosticFor (194 bytes)

GC Heap History (20 events):
Event: 24.328 GC heap after
{Heap after GC invocations=40 (full 0):
 garbage-first heap   total 321536K, used 149933K [0x0000000704a00000, 0x0000000800000000)
  region size 2048K, 4 young (8192K), 4 survivors (8192K)
 Metaspace       used 67813K, committed 68224K, reserved 1114112K
  class space    used 7472K, committed 7680K, reserved 1048576K
}
Event: 26.176 GC heap before
{Heap before GC invocations=40 (full 0):
 garbage-first heap   total 321536K, used 276909K [0x0000000704a00000, 0x0000000800000000)
  region size 2048K, 61 young (124928K), 4 survivors (8192K)
 Metaspace       used 67962K, committed 68352K, reserved 1114112K
  class space    used 7473K, committed 7680K, reserved 1048576K
}
Event: 26.187 GC heap after
{Heap after GC invocations=41 (full 0):
 garbage-first heap   total 321536K, used 165577K [0x0000000704a00000, 0x0000000800000000)
  region size 2048K, 7 young (14336K), 7 survivors (14336K)
 Metaspace       used 67962K, committed 68352K, reserved 1114112K
  class space    used 7473K, committed 7680K, reserved 1048576K
}
Event: 27.593 GC heap before
{Heap before GC invocations=41 (full 0):
 garbage-first heap   total 321536K, used 267977K [0x0000000704a00000, 0x0000000800000000)
  region size 2048K, 57 young (116736K), 7 survivors (14336K)
 Metaspace       used 68105K, committed 68480K, reserved 1114112K
  class space    used 7474K, committed 7680K, reserved 1048576K
}
Event: 27.607 GC heap after
{Heap after GC invocations=42 (full 0):
 garbage-first heap   total 321536K, used 171965K [0x0000000704a00000, 0x0000000800000000)
  region size 2048K, 7 young (14336K), 7 survivors (14336K)
 Metaspace       used 68105K, committed 68480K, reserved 1114112K
  class space    used 7474K, committed 7680K, reserved 1048576K
}
Event: 29.080 GC heap before
{Heap before GC invocations=43 (full 0):
 garbage-first heap   total 321536K, used 268221K [0x0000000704a00000, 0x0000000800000000)
  region size 2048K, 55 young (112640K), 7 survivors (14336K)
 Metaspace       used 68230K, committed 68608K, reserved 1114112K
  class space    used 7475K, committed 7680K, reserved 1048576K
}
Event: 29.093 GC heap after
{Heap after GC invocations=44 (full 0):
 garbage-first heap   total 321536K, used 176014K [0x0000000704a00000, 0x0000000800000000)
  region size 2048K, 7 young (14336K), 7 survivors (14336K)
 Metaspace       used 68230K, committed 68608K, reserved 1114112K
  class space    used 7475K, committed 7680K, reserved 1048576K
}
Event: 29.172 GC heap before
{Heap before GC invocations=44 (full 0):
 garbage-first heap   total 321536K, used 178062K [0x0000000704a00000, 0x0000000800000000)
  region size 2048K, 8 young (16384K), 7 survivors (14336K)
 Metaspace       used 68243K, committed 68608K, reserved 1114112K
  class space    used 7475K, committed 7680K, reserved 1048576K
}
Event: 29.185 GC heap after
{Heap after GC invocations=45 (full 0):
 garbage-first heap   total 321536K, used 176241K [0x0000000704a00000, 0x0000000800000000)
  region size 2048K, 1 young (2048K), 1 survivors (2048K)
 Metaspace       used 68243K, committed 68608K, reserved 1114112K
  class space    used 7475K, committed 7680K, reserved 1048576K
}
Event: 30.261 GC heap before
{Heap before GC invocations=45 (full 0):
 garbage-first heap   total 321536K, used 270449K [0x0000000704a00000, 0x0000000800000000)
  region size 2048K, 47 young (96256K), 1 survivors (2048K)
 Metaspace       used 68319K, committed 68672K, reserved 1114112K
  class space    used 7475K, committed 7680K, reserved 1048576K
}
Event: 30.267 GC heap after
{Heap after GC invocations=46 (full 0):
 garbage-first heap   total 321536K, used 181149K [0x0000000704a00000, 0x0000000800000000)
  region size 2048K, 4 young (8192K), 4 survivors (8192K)
 Metaspace       used 68319K, committed 68672K, reserved 1114112K
  class space    used 7475K, committed 7680K, reserved 1048576K
}
Event: 31.506 GC heap before
{Heap before GC invocations=47 (full 0):
 garbage-first heap   total 335872K, used 269213K [0x0000000704a00000, 0x0000000800000000)
  region size 2048K, 47 young (96256K), 4 survivors (8192K)
 Metaspace       used 68368K, committed 68736K, reserved 1114112K
  class space    used 7477K, committed 7680K, reserved 1048576K
}
Event: 31.533 GC heap after
{Heap after GC invocations=48 (full 0):
 garbage-first heap   total 335872K, used 187058K [0x0000000704a00000, 0x0000000800000000)
  region size 2048K, 6 young (12288K), 6 survivors (12288K)
 Metaspace       used 68368K, committed 68736K, reserved 1114112K
  class space    used 7477K, committed 7680K, reserved 1048576K
}
Event: 31.608 GC heap before
{Heap before GC invocations=48 (full 0):
 garbage-first heap   total 335872K, used 191154K [0x0000000704a00000, 0x0000000800000000)
  region size 2048K, 8 young (16384K), 6 survivors (12288K)
 Metaspace       used 68368K, committed 68736K, reserved 1114112K
  class space    used 7477K, committed 7680K, reserved 1048576K
}
Event: 31.654 GC heap after
{Heap after GC invocations=49 (full 0):
 garbage-first heap   total 335872K, used 187596K [0x0000000704a00000, 0x0000000800000000)
  region size 2048K, 1 young (2048K), 1 survivors (2048K)
 Metaspace       used 68368K, committed 68736K, reserved 1114112K
  class space    used 7477K, committed 7680K, reserved 1048576K
}
Event: 33.684 GC heap before
{Heap before GC invocations=49 (full 0):
 garbage-first heap   total 335872K, used 283852K [0x0000000704a00000, 0x0000000800000000)
  region size 2048K, 48 young (98304K), 1 survivors (2048K)
 Metaspace       used 68398K, committed 68800K, reserved 1114112K
  class space    used 7477K, committed 7680K, reserved 1048576K
}
Event: 33.700 GC heap after
{Heap after GC invocations=50 (full 0):
 garbage-first heap   total 335872K, used 191086K [0x0000000704a00000, 0x0000000800000000)
  region size 2048K, 3 young (6144K), 3 survivors (6144K)
 Metaspace       used 68398K, committed 68800K, reserved 1114112K
  class space    used 7477K, committed 7680K, reserved 1048576K
}
Event: 35.790 GC heap before
{Heap before GC invocations=51 (full 0):
 garbage-first heap   total 337920K, used 285294K [0x0000000704a00000, 0x0000000800000000)
  region size 2048K, 49 young (100352K), 3 survivors (6144K)
 Metaspace       used 68450K, committed 68800K, reserved 1114112K
  class space    used 7477K, committed 7680K, reserved 1048576K
}
Event: 35.817 GC heap after
{Heap after GC invocations=52 (full 0):
 garbage-first heap   total 337920K, used 196121K [0x0000000704a00000, 0x0000000800000000)
  region size 2048K, 6 young (12288K), 6 survivors (12288K)
 Metaspace       used 68450K, committed 68800K, reserved 1114112K
  class space    used 7477K, committed 7680K, reserved 1048576K
}
Event: 35.973 GC heap before
{Heap before GC invocations=52 (full 0):
 garbage-first heap   total 337920K, used 200217K [0x0000000704a00000, 0x0000000800000000)
  region size 2048K, 8 young (16384K), 6 survivors (12288K)
 Metaspace       used 68451K, committed 68800K, reserved 1114112K
  class space    used 7477K, committed 7680K, reserved 1048576K
}

Dll operation events (2 events):
Event: 0.006 Loaded shared library C:\Program Files\Android\Android Studio\jbr\bin\java.dll
Event: 1.190 Loaded shared library C:\Program Files\Android\Android Studio\jbr\bin\verify.dll

Deoptimization events (20 events):
Event: 34.017 Thread 0x000001dc5f1da310 DEOPT PACKING pc=0x000001dc6aa8d904 sp=0x00000059155f7050
Event: 34.017 Thread 0x000001dc5f1da310 DEOPT UNPACKING pc=0x000001dc69cc69a3 sp=0x00000059155f6f98 mode 2
Event: 35.060 Thread 0x000001dc5f1da310 DEOPT PACKING pc=0x000001dc635fe0b4 sp=0x00000059155f79d0
Event: 35.060 Thread 0x000001dc5f1da310 DEOPT UNPACKING pc=0x000001dc69cc7143 sp=0x00000059155f6e88 mode 0
Event: 35.170 Thread 0x000001dc5f1da310 Uncommon trap: trap_request=0xffffffde fr.pc=0x000001dc6a5f9d04 relative=0x0000000000000284
Event: 35.170 Thread 0x000001dc5f1da310 Uncommon trap: reason=class_check action=maybe_recompile pc=0x000001dc6a5f9d04 method=org.jetbrains.kotlin.resolve.calls.tower.KotlinToResolvedCallTransformer.reportDiagnostics(Lorg/jetbrains/kotlin/resolve/calls/context/BasicCallResolutionContext;Lorg/je
Event: 35.170 Thread 0x000001dc5f1da310 DEOPT PACKING pc=0x000001dc6a5f9d04 sp=0x00000059155fbc10
Event: 35.170 Thread 0x000001dc5f1da310 DEOPT UNPACKING pc=0x000001dc69cc69a3 sp=0x00000059155fbbb8 mode 2
Event: 35.171 Thread 0x000001dc5f1da310 Uncommon trap: trap_request=0xffffffde fr.pc=0x000001dc6aae3eac relative=0x0000000000001ecc
Event: 35.171 Thread 0x000001dc5f1da310 Uncommon trap: reason=class_check action=maybe_recompile pc=0x000001dc6aae3eac method=org.jetbrains.kotlin.resolve.calls.checkers.LateinitIntrinsicApplicabilityChecker.check(Lorg/jetbrains/kotlin/resolve/calls/model/ResolvedCall;Lorg/jetbrains/kotlin/com/
Event: 35.171 Thread 0x000001dc5f1da310 DEOPT PACKING pc=0x000001dc6aae3eac sp=0x00000059155fbf70
Event: 35.171 Thread 0x000001dc5f1da310 DEOPT UNPACKING pc=0x000001dc69cc69a3 sp=0x00000059155fbf28 mode 2
Event: 35.413 Thread 0x000001dc5f1da310 Uncommon trap: trap_request=0xffffffde fr.pc=0x000001dc6a5f9d04 relative=0x0000000000000284
Event: 35.413 Thread 0x000001dc5f1da310 Uncommon trap: reason=class_check action=maybe_recompile pc=0x000001dc6a5f9d04 method=org.jetbrains.kotlin.resolve.calls.tower.KotlinToResolvedCallTransformer.reportDiagnostics(Lorg/jetbrains/kotlin/resolve/calls/context/BasicCallResolutionContext;Lorg/je
Event: 35.413 Thread 0x000001dc5f1da310 DEOPT PACKING pc=0x000001dc6a5f9d04 sp=0x00000059155fbc10
Event: 35.413 Thread 0x000001dc5f1da310 DEOPT UNPACKING pc=0x000001dc69cc69a3 sp=0x00000059155fbbb8 mode 2
Event: 35.414 Thread 0x000001dc5f1da310 Uncommon trap: trap_request=0xffffffde fr.pc=0x000001dc6aae3eac relative=0x0000000000001ecc
Event: 35.414 Thread 0x000001dc5f1da310 Uncommon trap: reason=class_check action=maybe_recompile pc=0x000001dc6aae3eac method=org.jetbrains.kotlin.resolve.calls.checkers.LateinitIntrinsicApplicabilityChecker.check(Lorg/jetbrains/kotlin/resolve/calls/model/ResolvedCall;Lorg/jetbrains/kotlin/com/
Event: 35.414 Thread 0x000001dc5f1da310 DEOPT PACKING pc=0x000001dc6aae3eac sp=0x00000059155fbf70
Event: 35.414 Thread 0x000001dc5f1da310 DEOPT UNPACKING pc=0x000001dc69cc69a3 sp=0x00000059155fbf28 mode 2

Classes unloaded (0 events):
No events

Classes redefined (0 events):
No events

Internal exceptions (20 events):
Event: 9.063 Thread 0x000001dc5f1da310 Implicit null exception at 0x000001dc6a28018f to 0x000001dc6a280209
Event: 9.076 Thread 0x000001dc5f1da310 Exception <a 'java/lang/NoSuchMethodError'{0x000000071574c3d8}: 'java.lang.Object java.lang.invoke.DirectMethodHandle$Holder.invokeInterface(java.lang.Object, java.lang.Object, java.lang.Object)'> (0x000000071574c3d8) 
thrown [s\src\hotspot\share\interpreter\linkResolver.cpp, line 771]
Event: 9.076 Thread 0x000001dc5f1da310 Exception <a 'java/lang/IncompatibleClassChangeError'{0x000000071574fd48}: Found class java.lang.Object, but interface was expected> (0x000000071574fd48) 
thrown [s\src\hotspot\share\interpreter\linkResolver.cpp, line 838]
Event: 9.217 Thread 0x000001dc5f1da310 Implicit null exception at 0x000001dc6a7250bc to 0x000001dc6a7262d0
Event: 9.377 Thread 0x000001dc5f1da310 Implicit null exception at 0x000001dc6a72f60e to 0x000001dc6a72fcbc
Event: 9.453 Thread 0x000001dc5f1da310 Exception <a 'java/lang/NoSuchMethodError'{0x0000000714821e60}: 'java.lang.Object java.lang.invoke.DirectMethodHandle$Holder.newInvokeSpecial(java.lang.Object, java.lang.Object, java.lang.Object, java.lang.Object, java.lang.Object, java.lang.Object, java.lang.Object)'> (0x0000000714821e60) 
thrown [s\src\hotspot\share\interpreter\linkResolver.cpp, line 771]
Event: 9.453 Thread 0x000001dc5f1da310 Exception <a 'java/lang/NoSuchMethodError'{0x0000000714826a18}: 'java.lang.Object java.lang.invoke.Invokers$Holder.linkToTargetMethod(java.lang.Object, java.lang.Object, java.lang.Object, java.lang.Object, java.lang.Object, java.lang.Object, java.lang.Object)'> (0x0000000714826a18) 
thrown [s\src\hotspot\share\interpreter\linkResolver.cpp, line 771]
Event: 9.657 Thread 0x000001dc5f1da310 Exception <a 'java/lang/NoSuchMethodError'{0x00000007145b2ee8}: 'java.lang.Object java.lang.invoke.DirectMethodHandle$Holder.invokeStatic(java.lang.Object, int, java.lang.Object)'> (0x00000007145b2ee8) 
thrown [s\src\hotspot\share\interpreter\linkResolver.cpp, line 771]
Event: 10.514 Thread 0x000001dc5f1da310 Implicit null exception at 0x000001dc6a790408 to 0x000001dc6a7923e4
Event: 12.138 Thread 0x000001dc5f1da310 Implicit null exception at 0x000001dc6a81034c to 0x000001dc6a810520
Event: 12.189 Thread 0x000001dc5f1da310 Exception <a 'java/lang/NoSuchMethodError'{0x000000070f1ecb08}: 'java.lang.Object java.lang.invoke.DirectMethodHandle$Holder.newInvokeSpecial(java.lang.Object, int, java.lang.Object, java.lang.Object)'> (0x000000070f1ecb08) 
thrown [s\src\hotspot\share\interpreter\linkResolver.cpp, line 771]
Event: 16.874 Thread 0x000001dc5f1da310 Implicit null exception at 0x000001dc6a568ab0 to 0x000001dc6a56bdc0
Event: 19.219 Thread 0x000001dc5f1da310 Implicit null exception at 0x000001dc6a73e95b to 0x000001dc6a73ea1f
Event: 21.516 Thread 0x000001dc5f1da310 Implicit null exception at 0x000001dc6a91b3fc to 0x000001dc6a91be2c
Event: 23.680 Thread 0x000001dc5f1da310 Implicit null exception at 0x000001dc6a9a0b9b to 0x000001dc6a9a23a4
Event: 23.690 Thread 0x000001dc5f1da310 Implicit null exception at 0x000001dc6a8404e3 to 0x000001dc6a840ca8
Event: 23.706 Thread 0x000001dc5f1da310 Implicit null exception at 0x000001dc6aafe573 to 0x000001dc6aafedb4
Event: 30.956 Thread 0x000001dc5f1da310 Implicit null exception at 0x000001dc6ae4dddf to 0x000001dc6ae4f154
Event: 30.956 Thread 0x000001dc5f1da310 Implicit null exception at 0x000001dc6acb2cb7 to 0x000001dc6acb5c84
Event: 30.976 Thread 0x000001dc5f1da310 Implicit null exception at 0x000001dc6aafbadb to 0x000001dc6aafbb68

VM Operations (20 events):
Event: 30.894 Executing VM operation: ICBufferFull done
Event: 31.506 Executing VM operation: G1CollectForAllocation
Event: 31.533 Executing VM operation: G1CollectForAllocation done
Event: 31.608 Executing VM operation: G1CollectForAllocation
Event: 31.654 Executing VM operation: G1CollectForAllocation done
Event: 32.655 Executing VM operation: Cleanup
Event: 32.655 Executing VM operation: Cleanup done
Event: 33.442 Executing VM operation: HandshakeAllThreads
Event: 33.442 Executing VM operation: HandshakeAllThreads done
Event: 33.684 Executing VM operation: G1CollectForAllocation
Event: 33.703 Executing VM operation: G1CollectForAllocation done
Event: 33.980 Executing VM operation: G1PauseRemark
Event: 34.000 Executing VM operation: G1PauseRemark done
Event: 34.129 Executing VM operation: G1PauseCleanup
Event: 34.129 Executing VM operation: G1PauseCleanup done
Event: 35.143 Executing VM operation: Cleanup
Event: 35.143 Executing VM operation: Cleanup done
Event: 35.790 Executing VM operation: G1CollectForAllocation
Event: 35.818 Executing VM operation: G1CollectForAllocation done
Event: 35.973 Executing VM operation: G1CollectForAllocation

Events (20 events):
Event: 33.458 Thread 0x000001dc7e37bc80 flushing nmethod 0x000001dc63085610
Event: 33.459 Thread 0x000001dc7e37bc80 flushing nmethod 0x000001dc6311e790
Event: 33.459 Thread 0x000001dc7e37bc80 flushing nmethod 0x000001dc63170e10
Event: 33.463 Thread 0x000001dc7e37bc80 flushing nmethod 0x000001dc63511b10
Event: 33.464 Thread 0x000001dc7e37bc80 flushing nmethod 0x000001dc6366de10
Event: 33.464 Thread 0x000001dc7e37bc80 flushing nmethod 0x000001dc63710890
Event: 33.468 Thread 0x000001dc7e37bc80 flushing nmethod 0x000001dc63baf410
Event: 33.470 Thread 0x000001dc7e37bc80 flushing nmethod 0x000001dc63e8b410
Event: 33.472 Thread 0x000001dc7e37bc80 flushing nmethod 0x000001dc63fe8a90
Event: 33.472 Thread 0x000001dc7e37bc80 flushing nmethod 0x000001dc64077190
Event: 33.473 Thread 0x000001dc7e37bc80 flushing nmethod 0x000001dc64184f90
Event: 33.474 Thread 0x000001dc7e37bc80 flushing nmethod 0x000001dc64244290
Event: 33.474 Thread 0x000001dc7e37bc80 flushing nmethod 0x000001dc64261090
Event: 33.474 Thread 0x000001dc7e37bc80 flushing nmethod 0x000001dc642d6690
Event: 33.474 Thread 0x000001dc7e37bc80 flushing nmethod 0x000001dc642de610
Event: 33.474 Thread 0x000001dc7e37bc80 flushing nmethod 0x000001dc64310110
Event: 33.475 Thread 0x000001dc7e37bc80 flushing nmethod 0x000001dc64400f10
Event: 34.374 Thread 0x000001dc04effc70 Thread added: 0x000001dc04effc70
Event: 35.177 Thread 0x000001dc04effc70 Thread exited: 0x000001dc04effc70
Event: 35.842 Thread 0x000001dc04f001c0 Thread added: 0x000001dc04f001c0


Dynamic libraries:
0x00007ff61a2c0000 - 0x00007ff61a2ca000 	C:\Program Files\Android\Android Studio\jbr\bin\java.exe
0x00007fff16960000 - 0x00007fff16bc6000 	C:\WINDOWS\SYSTEM32\ntdll.dll
0x00007fff164d0000 - 0x00007fff16599000 	C:\WINDOWS\System32\KERNEL32.DLL
0x00007fff14080000 - 0x00007fff1444c000 	C:\WINDOWS\System32\KERNELBASE.dll
0x00007fff14450000 - 0x00007fff1459b000 	C:\WINDOWS\System32\ucrtbase.dll
0x00007fff02a20000 - 0x00007fff02a37000 	C:\Program Files\Android\Android Studio\jbr\bin\jli.dll
0x00007fff15560000 - 0x00007fff1572a000 	C:\WINDOWS\System32\USER32.dll
0x00007fff02040000 - 0x00007fff0205b000 	C:\Program Files\Android\Android Studio\jbr\bin\VCRUNTIME140.dll
0x00007fff13c20000 - 0x00007fff13c47000 	C:\WINDOWS\System32\win32u.dll
0x00007ffef3a00000 - 0x00007ffef3c9a000 	C:\WINDOWS\WinSxS\amd64_microsoft.windows.common-controls_6595b64144ccf1df_6.0.26100.3912_none_3e07963ce335137e\COMCTL32.dll
0x00007fff14dc0000 - 0x00007fff14deb000 	C:\WINDOWS\System32\GDI32.dll
0x00007fff15200000 - 0x00007fff152a9000 	C:\WINDOWS\System32\msvcrt.dll
0x00007fff13dd0000 - 0x00007fff13f02000 	C:\WINDOWS\System32\gdi32full.dll
0x00007fff13f10000 - 0x00007fff13fb3000 	C:\WINDOWS\System32\msvcp_win.dll
0x00007fff16860000 - 0x00007fff16890000 	C:\WINDOWS\System32\IMM32.DLL
0x00007fff0ea10000 - 0x00007fff0ea1c000 	C:\Program Files\Android\Android Studio\jbr\bin\vcruntime140_1.dll
0x00007ffed0090000 - 0x00007ffed011d000 	C:\Program Files\Android\Android Studio\jbr\bin\msvcp140.dll
0x00007ffebbd60000 - 0x00007ffebc9e3000 	C:\Program Files\Android\Android Studio\jbr\bin\server\jvm.dll
0x00007fff15730000 - 0x00007fff157e2000 	C:\WINDOWS\System32\ADVAPI32.dll
0x00007fff14d10000 - 0x00007fff14db6000 	C:\WINDOWS\System32\sechost.dll
0x00007fff158f0000 - 0x00007fff15a06000 	C:\WINDOWS\System32\RPCRT4.dll
0x00007fff13940000 - 0x00007fff1399e000 	C:\WINDOWS\SYSTEM32\POWRPROF.dll
0x00007fff0a920000 - 0x00007fff0a956000 	C:\WINDOWS\SYSTEM32\WINMM.dll
0x00007ffef4850000 - 0x00007ffef485a000 	C:\WINDOWS\SYSTEM32\WSOCK32.dll
0x00007fff0a910000 - 0x00007fff0a91b000 	C:\WINDOWS\SYSTEM32\VERSION.dll
0x00007fff14df0000 - 0x00007fff14e64000 	C:\WINDOWS\System32\WS2_32.dll
0x00007fff13920000 - 0x00007fff13934000 	C:\WINDOWS\SYSTEM32\UMPDC.dll
0x00007fff12870000 - 0x00007fff1288a000 	C:\WINDOWS\SYSTEM32\kernel.appcore.dll
0x00007fff0c8f0000 - 0x00007fff0c8fa000 	C:\Program Files\Android\Android Studio\jbr\bin\jimage.dll
0x00007fff10c80000 - 0x00007fff10ec1000 	C:\WINDOWS\SYSTEM32\DBGHELP.DLL
0x00007fff14e70000 - 0x00007fff151f4000 	C:\WINDOWS\System32\combase.dll
0x00007fff15a10000 - 0x00007fff15af0000 	C:\WINDOWS\System32\OLEAUT32.dll
0x00007fff079f0000 - 0x00007fff07a29000 	C:\WINDOWS\SYSTEM32\dbgcore.DLL
0x00007fff13af0000 - 0x00007fff13b89000 	C:\WINDOWS\System32\bcryptPrimitives.dll
0x00007fff0c160000 - 0x00007fff0c185000 	C:\Program Files\Android\Android Studio\jbr\bin\java.dll
0x00007fff0c8d0000 - 0x00007fff0c8e8000 	C:\Program Files\Android\Android Studio\jbr\bin\zip.dll
0x00007fff15d70000 - 0x00007fff1649d000 	C:\WINDOWS\System32\SHELL32.dll
0x00007fff145a0000 - 0x00007fff14714000 	C:\WINDOWS\System32\wintypes.dll
0x00007fff116e0000 - 0x00007fff11f36000 	C:\WINDOWS\SYSTEM32\windows.storage.dll
0x00007fff165e0000 - 0x00007fff166cf000 	C:\WINDOWS\System32\SHCORE.dll
0x00007fff157f0000 - 0x00007fff15859000 	C:\WINDOWS\System32\shlwapi.dll
0x00007fff13a00000 - 0x00007fff13a2f000 	C:\WINDOWS\SYSTEM32\profapi.dll
0x00007fff0c140000 - 0x00007fff0c159000 	C:\Program Files\Android\Android Studio\jbr\bin\net.dll
0x00007fff0cd90000 - 0x00007fff0ceae000 	C:\WINDOWS\SYSTEM32\WINHTTP.dll
0x00007fff12dc0000 - 0x00007fff12e2a000 	C:\WINDOWS\system32\mswsock.dll
0x00007fff07c60000 - 0x00007fff07c76000 	C:\Program Files\Android\Android Studio\jbr\bin\nio.dll
0x00007fff0c130000 - 0x00007fff0c140000 	C:\Program Files\Android\Android Studio\jbr\bin\verify.dll

dbghelp: loaded successfully - version: 4.0.5 - missing functions: none
symbol engine: initialized successfully - sym options: 0x614 - pdb path: .;C:\Program Files\Android\Android Studio\jbr\bin;C:\WINDOWS\SYSTEM32;C:\WINDOWS\WinSxS\amd64_microsoft.windows.common-controls_6595b64144ccf1df_6.0.26100.3912_none_3e07963ce335137e;C:\Program Files\Android\Android Studio\jbr\bin\server

VM Arguments:
java_command: org.jetbrains.kotlin.cli.jvm.K2JVMCompiler @D:\Android_studio\SaiErp\app\build\20250604_5495756003319212617.compiler.options
java_class_path (initial): C:\Users\Lenovo\.gradle\caches\modules-2\files-2.1\org.jetbrains.kotlin\kotlin-compiler-embeddable\1.9.0\2c8c3a7402becca891f12739b3e9fd2dc2adbd7a\kotlin-compiler-embeddable-1.9.0.jar;C:\Users\Lenovo\.gradle\caches\modules-2\files-2.1\org.jetbrains.kotlin\kotlin-stdlib\1.9.0\8ee15ef0c67dc83d874f412d84378d7f0eb50b63\kotlin-stdlib-1.9.0.jar;C:\Users\Lenovo\.gradle\caches\modules-2\files-2.1\org.jetbrains.kotlin\kotlin-script-runtime\1.9.0\4b3102cbbb7e1b58d9d1adf89563f00069ffa7d1\kotlin-script-runtime-1.9.0.jar;C:\Users\Lenovo\.gradle\caches\modules-2\files-2.1\org.jetbrains.kotlin\kotlin-reflect\1.6.10\1cbe9c92c12a94eea200d23c2bbaedaf3daf5132\kotlin-reflect-1.6.10.jar;C:\Users\Lenovo\.gradle\caches\modules-2\files-2.1\org.jetbrains.kotlin\kotlin-daemon-embeddable\1.9.0\186543f5e28cf8d9a0290fecc2cf34301c40a65c\kotlin-daemon-embeddable-1.9.0.jar;C:\Users\Lenovo\.gradle\caches\modules-2\files-2.1\org.jetbrains.intellij.deps\trove4j\1.0.20200330\3afb14d5f9ceb459d724e907a21145e8ff394f02\trove4j-1.0.20200330.jar;C:\Users\Lenovo\.gradle\caches\modules-2\files-2.1\org.jetbrains.kotlin\kotlin-stdlib-common\1.9.0\cd65c21cfd1eec4d44ef09f9f52b6d9f8a720636\kotlin-stdlib-common-1.9.0.jar;C:\Users\Lenovo\.gradle\caches\modules-2\files-2.1\org.jetbrains\annotations\13.0\919f0dfe192fb4e063e7dacadee7f8bb9a2672a9\annotations-13.0.jar
Launcher Type: SUN_STANDARD

[Global flags]
     intx CICompilerCount                          = 4                                         {product} {ergonomic}
     uint ConcGCThreads                            = 2                                         {product} {ergonomic}
     uint G1ConcRefinementThreads                  = 8                                         {product} {ergonomic}
   size_t G1HeapRegionSize                         = 2097152                                   {product} {ergonomic}
    uintx GCDrainStackTargetSize                   = 64                                        {product} {ergonomic}
   size_t InitialHeapSize                          = 264241152                                 {product} {ergonomic}
   size_t MarkStackSize                            = 4194304                                   {product} {ergonomic}
   size_t MaxHeapSize                              = 4217372672                                {product} {ergonomic}
   size_t MaxNewSize                               = 2529165312                                {product} {ergonomic}
   size_t MinHeapDeltaBytes                        = 2097152                                   {product} {ergonomic}
   size_t MinHeapSize                              = 8388608                                   {product} {ergonomic}
    uintx NonNMethodCodeHeapSize                   = 5839372                                {pd product} {ergonomic}
    uintx NonProfiledCodeHeapSize                  = 122909434                              {pd product} {ergonomic}
    uintx ProfiledCodeHeapSize                     = 122909434                              {pd product} {ergonomic}
    uintx ReservedCodeCacheSize                    = 251658240                              {pd product} {ergonomic}
     bool SegmentedCodeCache                       = true                                      {product} {ergonomic}
   size_t SoftMaxHeapSize                          = 4217372672                             {manageable} {ergonomic}
     bool UseCompressedClassPointers               = true                           {product lp64_product} {ergonomic}
     bool UseCompressedOops                        = true                           {product lp64_product} {ergonomic}
     bool UseG1GC                                  = true                                      {product} {ergonomic}
     bool UseLargePagesIndividualAllocation        = false                                  {pd product} {ergonomic}

Logging:
Log output configuration:
 #0: stdout all=warning uptime,level,tags
 #1: stderr all=off uptime,level,tags

Environment Variables:
PATH=D:\DevSuiteHome_1\jdk\jre\bin\classic;D:\DevSuiteHome_1\jdk\jre\bin;D:\DevSuiteHome_1\jdk\jre\bin\client;D:\DevSuiteHome_1\jlib;D:\DevSuiteHome_1\bin;D:\DevSuiteHome_1\jre\1.4.2\bin\client;D:\DevSuiteHome_1\jre\1.4.2\bin;C:\WINDOWS\system32;C:\WINDOWS;C:\WINDOWS\System32\Wbem;C:\WINDOWS\System32\WindowsPowerShell\v1.0\;C:\WINDOWS\System32\OpenSSH\;C:\Program Files\Git\cmd;C:\ProgramData\chocolatey\bin;C:\Program Files\nodejs\;C:\Users\Lenovo\AppData\Local\Programs\Python\Python312\Scripts\;C:\Users\Lenovo\AppData\Local\Programs\Python\Python312\;C:\Users\Lenovo\AppData\Local\Programs\Python\Launcher\;C:\Users\Lenovo\AppData\Local\Microsoft\WindowsApps;C:\Program Files\nodejs;C:\Users\Lenovo\AppData\Local\Programs\Microsoft VS Code\bin;C:\Users\Lenovo\AppData\Roaming\npm
USERNAME=Lenovo
OS=Windows_NT
PROCESSOR_IDENTIFIER=Intel64 Family 6 Model 154 Stepping 4, GenuineIntel
TMP=C:\Users\Lenovo\AppData\Local\Temp
TEMP=C:\Users\Lenovo\AppData\Local\Temp



Periodic native trim disabled

JNI global refs:
JNI global refs: 12, weak refs: 1

JNI global refs memory usage: 843, weak refs: 841

OOME stack traces (most recent first):
Classloader memory used:
Loader jdk.internal.loader.ClassLoaders$AppClassLoader                                 : 7099K
Loader bootstrap                                                                       : 1352K
Loader jdk.internal.reflect.DelegatingClassLoader                                      : 104K


---------------  S Y S T E M  ---------------

OS:
 Windows 11 , 64 bit Build 26100 (10.0.26100.3912)
OS uptime: 8 days 20:59 hours
Hyper-V role detected

CPU: total 8 (initial active 8) (4 cores per cpu, 2 threads per core) family 6 model 154 stepping 4 microcode 0x433, cx8, cmov, fxsr, ht, mmx, 3dnowpref, sse, sse2, sse3, ssse3, sse4.1, sse4.2, popcnt, lzcnt, tsc, tscinvbit, avx, avx2, aes, erms, clmul, bmi1, bmi2, adx, sha, fma, vzeroupper, clflush, clflushopt, clwb, hv
Processor Information for processor 0
  Max Mhz: 1200, Current Mhz: 1200, Mhz Limit: 1200
Processor Information for processor 1
  Max Mhz: 1200, Current Mhz: 1200, Mhz Limit: 1200
Processor Information for processor 2
  Max Mhz: 1200, Current Mhz: 1200, Mhz Limit: 1200
Processor Information for processor 3
  Max Mhz: 1200, Current Mhz: 1200, Mhz Limit: 1200
Processor Information for processor 4
  Max Mhz: 1200, Current Mhz: 900, Mhz Limit: 900
Processor Information for processor 5
  Max Mhz: 1200, Current Mhz: 900, Mhz Limit: 900
Processor Information for processor 6
  Max Mhz: 1200, Current Mhz: 900, Mhz Limit: 900
Processor Information for processor 7
  Max Mhz: 1200, Current Mhz: 900, Mhz Limit: 900

Memory: 4k page, system-wide physical 16083M (599M free)
TotalPageFile size 24275M (AvailPageFile size 95M)
current process WorkingSet (physical memory assigned to process): 554M, peak: 581M
current process commit charge ("private bytes"): 589M, peak: 952M

vm_info: OpenJDK 64-Bit Server VM (17.0.10+0--11572160) for windows-amd64 JRE (17.0.10+0--11572160), built on Mar 13 2024 23:56:38 by "androidbuild" with MS VC++ 16.10 / 16.11 (VS2019)

END.
